the current position is now 6
ytyafurbaw 0
the current position is now 1
nzwvjuyubi 0
the current position is now 9
the current position is now 6
the song uusbecmivf has been added at position 6
the current position is now at the end
loop has been set to ON
the song kjvnzojtju has been added at position 1
kjvnzojtju 0
nzwvjuyubi 1
ufqizvwbnq 0
the current position is now 6
loop has been set to OFF
the current position is now 3
the current position is now 1
the current position is now 1
loop has been set to ON
the current position is now 6
the current position is now 3
ufqizvwbnq 1
loop has been set to OFF
the song ryeuiltesc has been added at position 4
the current position is now 6
YES
lumfoaaclv 0
loop has been set to ON
loop has been set to OFF
loop has been set to ON
mopuzekdir 0
uusbecmivf 0
the current position is now 1
kjvnzojtju 1
the current position is now 11
the song fygntszosq has been added at position 11
fygntszosq 0
vuvzuktlxm 0
xyqzaamdkv 0
kjvnzojtju 2
loop has been set to OFF
nzwvjuyubi 2
the current position is now 1
the current position is now 1
the current position is now 2
the current position is now 1
kjvnzojtju 3
YES
nzwvjuyubi 3
ufqizvwbnq 2
the current position is now 1
the current position is now 1
YES
kjvnzojtju 4
nzwvjuyubi 4
ufqizvwbnq 3
NO
the current position is now 10
loop has been set to ON
the current position is now 5
loop has been set to OFF
dvbsypczmg 0
lumfoaaclv 1
mopuzekdir 1
loop has been set to ON
the current position is now 10
the current position is now 4
the current position is now 3
ufqizvwbnq 4
loop has been set to OFF
NO
loop has been set to ON
loop has been set to OFF
loop has been set to ON
the current position is now 8
the current position is now 13
loop has been set to OFF
the song pzjlbmokyq has been added at position 13
the current position is now at the end
the song gwgenetgzl has been added at position 15
loop has been set to ON
loop has been set to OFF
gwgenetgzl 0
no more songs
no more songs
no more songs
the song rfmtqomheu has been added at position 16
NO
rfmtqomheu 0
the current position is now 9
the current position is now at the end
loop has been set to ON
YES
the current position is now 15
the current position is now 13
the song trtbhfsgyz has been added at position 13
the current position is now 5
the current position is now 7
NO
mopuzekdir 2
loop has been set to OFF
uusbecmivf 1
NO
ytyafurbaw 1
the song mfjtnnjqfs has been added at position 10
mfjtnnjqfs 0
the current position is now 17
gwgenetgzl 1
rfmtqomheu 1
the current position is now 12
loop has been set to ON
the current position is now 3
ufqizvwbnq 5
the current position is now 10
NO
mfjtnnjqfs 1
loop has been set to OFF
loop has been set to ON
dnqngxeiov 0
the current position is now 8
uusbecmivf 2
ytyafurbaw 2
the current position is now 5
dvbsypczmg 1
NO
lumfoaaclv 2
mopuzekdir 3
loop has been set to OFF
uusbecmivf 3
ytyafurbaw 3
the song zcfbgygdat has been added at position 10
zcfbgygdat 0
the song mgwrtewfnn has been added at position 11
mgwrtewfnn 0
loop has been set to ON
the current position is now 20
the current position is now 2
nzwvjuyubi 5
the song fqymznwvrt has been added at position 3
YES
the song jjfmbhrjjb has been added at position 3
loop has been set to OFF
loop has been set to ON
the song shiuuquvfp has been added at position 3
loop has been set to OFF
shiuuquvfp 0
YES
jjfmbhrjjb 0
loop has been set to ON
the song ddojujbsrt has been added at position 5
the current position is now 10
the current position is now 15
mgwrtewfnn 1
NO
loop has been set to OFF
the current position is now 22
the song bqwacynvis has been added at position 22
loop has been set to ON
bqwacynvis 0
loop has been set to OFF
the current position is now at the end
no more songs
the current position is now at the end
the current position is now 21
pzjlbmokyq 0
the current position is now 16
mfjtnnjqfs 2
the current position is now 22
NO
bqwacynvis 1
xyqzaamdkv 1
gwgenetgzl 2
the current position is now at the end
the current position is now 23
the song zmhqrtrdyv has been added at position 23
the song xrbsdifdnn has been added at position 23
NO
loop has been set to ON
the current position is now 4
jjfmbhrjjb 1
loop has been set to OFF
the current position is now 11
loop has been set to ON
mopuzekdir 4
the current position is now 11
the current position is now 6
the current position is now 10
loop has been set to OFF
the current position is now 15
the song joucpzezib has been added at position 15
loop has been set to ON
the current position is now 11
loop has been set to OFF
the current position is now 15
the current position is now 10
the current position is now 4
NO
loop has been set to ON
loop has been set to OFF
jjfmbhrjjb 2
the current position is now 3
shiuuquvfp 1
the current position is now 5
ddojujbsrt 0
fqymznwvrt 0
the song imshyatlbl has been added at position 7
the current position is now 9
the song bqqqmmmymh has been added at position 9
loop has been set to ON
loop has been set to OFF
loop has been set to ON
the current position is now 1
kjvnzojtju 5
nzwvjuyubi 6
the song keijgfasru has been added at position 3
loop has been set to OFF
keijgfasru 0
the current position is now 9
ufqizvwbnq 6
bqqqmmmymh 0
NO
ryeuiltesc 0
dvbsypczmg 2
the current position is now 14
the current position is now 23
the song xaqnmtfgds has been added at position 23
loop has been set to ON
the current position is now 22
the current position is now 15
uusbecmivf 4
the current position is now 11
ryeuiltesc 1
the current position is now 13
loop has been set to OFF
loop has been set to ON
the current position is now 22
loop has been set to OFF
loop has been set to ON
the current position is now 19
loop has been set to OFF
NO
the current position is now 21
the song sfishsowhs has been added at position 21
sfishsowhs 0
NO
loop has been set to ON
the current position is now 15
the current position is now 20
the current position is now 28
the current position is now 27
the current position is now 21
the current position is now 19
mgwrtewfnn 2
loop has been set to OFF
mfjtnnjqfs 3
sfishsowhs 1
the song yhpkzfiykq has been added at position 22
the current position is now 30
the current position is now 22
yhpkzfiykq 0
loop has been set to ON
dnqngxeiov 1
the current position is now 28
NO
the current position is now 3
keijgfasru 1
YES
shiuuquvfp 2
the current position is now 10
NO
bqqqmmmymh 1
ryeuiltesc 2
the song dzfgtlfxxq has been added at position 12
the current position is now 8
YES
the current position is now 16
loop has been set to OFF
loop has been set to ON
the song rnxymyyyil has been added at position 16
rnxymyyyil 0
uusbecmivf 5
the current position is now 25
the current position is now 21
mgwrtewfnn 3
the song agitxzqnxu has been added at position 22
loop has been set to OFF
agitxzqnxu 0
the current position is now 26
the current position is now 34
loop has been set to ON
the song qyzbroptaj has been added at position 34
the current position is now 37
the current position is now 32
the song iwdyhbprqt has been added at position 32
iwdyhbprqt 0
bqwacynvis 2
the current position is now 2
nzwvjuyubi 7
keijgfasru 2
loop has been set to OFF
loop has been set to ON
shiuuquvfp 3
the current position is now 11
the current position is now 6
the current position is now 38
the song nuoldolztw has been added at position 38
nuoldolztw 0
the current position is now 36
the current position is now 32
the current position is now 36
NO
zmhqrtrdyv 0
xyqzaamdkv 2
the current position is now 30
trtbhfsgyz 0
the current position is now 25
yhpkzfiykq 1
the current position is now 21
the current position is now 29
vuvzuktlxm 1
NO
trtbhfsgyz 1
loop has been set to OFF
the song ynqzabjrxo has been added at position 31
NO
the current position is now 29
vuvzuktlxm 2
trtbhfsgyz 2
ynqzabjrxo 0
pzjlbmokyq 1
the current position is now 27
fygntszosq 1
loop has been set to ON
xaqnmtfgds 0
YES
vuvzuktlxm 3
loop has been set to OFF
the current position is now 33
the song vpofdfxzxf has been added at position 33
the current position is now 28
xaqnmtfgds 1
the song julgpgiahm has been added at position 29
the current position is now 21
the current position is now 26
dnqngxeiov 2
fygntszosq 2
the current position is now 36
the song odqnalhvqa has been added at position 36
odqnalhvqa 0
bqwacynvis 3
xrbsdifdnn 0
the current position is now 37
the current position is now 36
odqnalhvqa 1
bqwacynvis 4
the current position is now at the end
no more songs
no more songs
no more songs
no more songs
the song biztmesjpd has been added at position 45
biztmesjpd 0
the current position is now 40
zmhqrtrdyv 1
the current position is now 44
the song yyowxrzssi has been added at position 44
yyowxrzssi 0
rfmtqomheu 2
biztmesjpd 1
no more songs
the current position is now at the end
loop has been set to ON
the current position is now 9
ufqizvwbnq 7
the current position is now 17
uusbecmivf 6
the current position is now 10
loop has been set to OFF
bqqqmmmymh 2
the current position is now 4
the song yydvhysjuq has been added at position 4
yydvhysjuq 0
shiuuquvfp 4
the song aznrtuqvwk has been added at position 6
the current position is now 8
NO
loop has been set to ON
YES
ddojujbsrt 1
the current position is now 10
imshyatlbl 0
the song atgjscmycw has been added at position 11
atgjscmycw 0
ufqizvwbnq 8
bqqqmmmymh 3
ryeuiltesc 3
dzfgtlfxxq 0
loop has been set to OFF
dvbsypczmg 3
lumfoaaclv 3
mopuzekdir 5
the song osvjclcxnp has been added at position 19
the song ewfodkebdn has been added at position 19
the current position is now 15
dzfgtlfxxq 1
loop has been set to ON
the current position is now 15
the current position is now 7
the current position is now 8
ddojujbsrt 2
loop has been set to OFF
loop has been set to ON
the current position is now 15
dzfgtlfxxq 2
dvbsypczmg 4
NO
the current position is now 23
loop has been set to OFF
the current position is now 27
loop has been set to ON
agitxzqnxu 1
the current position is now 32
fygntszosq 3
xaqnmtfgds 2
julgpgiahm 0
the song ykqzarqiul has been added at position 35
the current position is now 43
the song funubbtnek has been added at position 43
YES
the current position is now 49
loop has been set to OFF
loop has been set to ON
the song vmkcfjgidm has been added at position 49
the current position is now 3
loop has been set to OFF
the current position is now 11
the current position is now 14
ryeuiltesc 4
the current position is now 10
loop has been set to ON
YES
loop has been set to OFF
imshyatlbl 1
loop has been set to ON
the current position is now 12
ufqizvwbnq 9
YES
NO
bqqqmmmymh 4
loop has been set to OFF
the current position is now 19
loop has been set to ON
NO
ewfodkebdn 0
osvjclcxnp 0
rnxymyyyil 1
YES
loop has been set to OFF
uusbecmivf 7
NO
ytyafurbaw 4
zcfbgygdat 1
loop has been set to ON
joucpzezib 0
mgwrtewfnn 4
the current position is now 32
fygntszosq 4
xaqnmtfgds 3
the current position is now 40
loop has been set to OFF
vpofdfxzxf 0
the current position is now 37
loop has been set to ON
trtbhfsgyz 3
the song kdvqwtprav has been added at position 38
YES
loop has been set to OFF
kdvqwtprav 0
the current position is now 30
yhpkzfiykq 2
the current position is now 24
the current position is now 23
ytyafurbaw 5
the current position is now 21
loop has been set to ON
rnxymyyyil 2
uusbecmivf 8
ytyafurbaw 6
zcfbgygdat 2
the song ojsuxlnhju has been added at position 25
the song qyxuanoiqa has been added at position 25
loop has been set to OFF
NO
the current position is now 26
YES
the current position is now 33
loop has been set to ON
loop has been set to OFF
the current position is now 35
the current position is now 36
loop has been set to ON
loop has been set to OFF
the song cydbjzvfgn has been added at position 36
cydbjzvfgn 0
julgpgiahm 1
the song zdckkwdqjt has been added at position 38
zdckkwdqjt 0
ykqzarqiul 0
the current position is now 34
fygntszosq 5
the current position is now 38
loop has been set to ON
zdckkwdqjt 1
ykqzarqiul 1
vuvzuktlxm 4
trtbhfsgyz 4
YES
kdvqwtprav 1
NO
NO
ynqzabjrxo 1
pzjlbmokyq 2
vpofdfxzxf 1
loop has been set to OFF
the current position is now 51
qyzbroptaj 0
the song yhbuwzarng has been added at position 52
yhbuwzarng 0
zmhqrtrdyv 2
xyqzaamdkv 3
the song xahhtcvgrs has been added at position 55
the current position is now 53
the current position is now 59
the current position is now at the end
NO
the current position is now 56
vmkcfjgidm 0
the song wpyydehomh has been added at position 57
wpyydehomh 0
loop has been set to ON
loop has been set to OFF
NO
the current position is now 49
the current position is now 40
NO
vuvzuktlxm 5
trtbhfsgyz 5
the current position is now 49
the current position is now 48
the current position is now 42
the current position is now 48
the current position is now 50
the song qlrabesdcn has been added at position 50
loop has been set to ON
the current position is now 57
loop has been set to OFF
vmkcfjgidm 1
the current position is now 59
loop has been set to ON
the current position is now 4
the current position is now 59
nuoldolztw 1
the current position is now 58
loop has been set to OFF
the song nioeszjmgg has been added at position 58
the song kuivfcdgjk has been added at position 58
kuivfcdgjk 0
loop has been set to ON
the current position is now 50
qlrabesdcn 0
loop has been set to OFF
the song xwaampasqn has been added at position 51
the current position is now 50
the current position is now 56
xyqzaamdkv 4
xahhtcvgrs 0
vmkcfjgidm 2
loop has been set to ON
loop has been set to OFF
NO
the song habaatbzoo has been added at position 59
loop has been set to ON
the current position is now 51
xwaampasqn 0
xrbsdifdnn 1
YES
the song gkekvfxojk has been added at position 53
gkekvfxojk 0
qyzbroptaj 1
the song ybanqsobsf has been added at position 55
ybanqsobsf 0
loop has been set to OFF
loop has been set to ON
the current position is now 51
loop has been set to OFF
loop has been set to ON
the current position is now 60
the song tsmkbghzpt has been added at position 60
the song szfdnecesw has been added at position 60
the song tztlwvzkjx has been added at position 60
tztlwvzkjx 0
the current position is now 65
kuivfcdgjk 1
loop has been set to OFF
the song iekyabknzg has been added at position 66
the current position is now 69
nuoldolztw 2
gwgenetgzl 3
yyowxrzssi 1
NO
rfmtqomheu 3
biztmesjpd 2
no more songs
the song jibttfiazx has been added at position 74
the song qzzneshvzi has been added at position 74
the current position is now at the end
no more songs
no more songs
no more songs
no more songs
no more songs
no more songs
loop has been set to ON
the current position is now 75
NO
loop has been set to OFF
loop has been set to ON
the current position is now 71
the current position is now 67
nioeszjmgg 0
the song czhcldigwz has been added at position 68
the current position is now 71
gwgenetgzl 4
the song tjjpwmabyh has been added at position 72
tjjpwmabyh 0
the current position is now 3
the song ozxnrdctir has been added at position 3
ozxnrdctir 0
keijgfasru 3
the current position is now 10
fqymznwvrt 1
the current position is now 10
loop has been set to OFF
fqymznwvrt 2
the song deqwfmcfme has been added at position 11
the current position is now 15
bqqqmmmymh 5
the current position is now 19
the current position is now 11
the song plxfqhebmm has been added at position 11
the song enugmwiibl has been added at position 11
enugmwiibl 0
loop has been set to ON
plxfqhebmm 0
deqwfmcfme 0
imshyatlbl 2
YES
atgjscmycw 1
ufqizvwbnq 10
YES
bqqqmmmymh 6
the current position is now 13
the current position is now 22
YES
mopuzekdir 6
NO
ewfodkebdn 1
the current position is now 30
ojsuxlnhju 0
the song kdnxkqhmgd has been added at position 31
the current position is now 35
mfjtnnjqfs 4
sfishsowhs 2
the current position is now 46
YES
trtbhfsgyz 6
the current position is now 38
dnqngxeiov 3
the song dcdfhueaca has been added at position 39
the current position is now 46
vuvzuktlxm 6
trtbhfsgyz 7
the current position is now 56
qlrabesdcn 1
the song kgfvlvjdnk has been added at position 57
the song outihfuedw has been added at position 57
the current position is now 63
the current position is now 56
NO
qlrabesdcn 2
the current position is now 52
the song jmfgddndll has been added at position 52
the song nipcgxwgsf has been added at position 52
the current position is now 53
jmfgddndll 0
the current position is now 53
loop has been set to OFF
the current position is now 62
NO
xrbsdifdnn 2
gkekvfxojk 1
qyzbroptaj 2
the song eykrgfhhxn has been added at position 65
loop has been set to ON
the song okojqiafqc has been added at position 65
okojqiafqc 0
the current position is now 63
the current position is now 67
ybanqsobsf 1
the current position is now 76
loop has been set to OFF
habaatbzoo 0
the song xxrrefcnit has been added at position 77
the current position is now 74
the current position is now 80
the current position is now 81
czhcldigwz 0
the current position is now at the end
loop has been set to ON
kjvnzojtju 6
nzwvjuyubi 8
the current position is now 9
the song ukhrjiqqya has been added at position 9
the current position is now 5
the current position is now 6
shiuuquvfp 5
aznrtuqvwk 0
jjfmbhrjjb 3
loop has been set to OFF
the current position is now 6
the current position is now 1
the song evprdcjgon has been added at position 1
the current position is now 1
the current position is now 10
ukhrjiqqya 0
ddojujbsrt 3
fqymznwvrt 3
loop has been set to ON
the song jozasycatx has been added at position 13
the current position is now 5
the current position is now 4
the song mxfewszilr has been added at position 4
mxfewszilr 0
loop has been set to OFF
ozxnrdctir 1
loop has been set to ON
the song tcjxgtogfp has been added at position 6
tcjxgtogfp 0
loop has been set to OFF
keijgfasru 4
loop has been set to ON
the current position is now 11
jjfmbhrjjb 4
loop has been set to OFF
ukhrjiqqya 1
ddojujbsrt 4
loop has been set to ON
the current position is now 12
the song vfwvrohiot has been added at position 12
loop has been set to OFF
loop has been set to ON
the song osuzdwxtvr has been added at position 12
loop has been set to OFF
the current position is now 9
the current position is now 5
ozxnrdctir 2
the current position is now 13
the current position is now 18
enugmwiibl 1
the current position is now 11
the current position is now 19
loop has been set to ON
the current position is now 15
loop has been set to OFF
ddojujbsrt 5
fqymznwvrt 4
loop has been set to ON
