vifuonhreb 0
the song cxsqothnzx has been added at position 2
the current position is now 11
the current position is now at the end
no more songs
no more songs
the current position is now 9
lwyvzdtico 0
pbutkisxcu 0
loop has been set to ON
jowomenffw 0
the current position is now 11
the current position is now 7
the song ywpqdkokvt has been added at position 7
ywpqdkokvt 0
xguhprpohs 0
the current position is now 3
the current position is now 9
YES
znohffvypa 0
lwyvzdtico 1
YES
loop has been set to OFF
pbutkisxcu 1
jowomenffw 1
the current position is now 6
the current position is now at the end
the current position is now 10
the current position is now 7
the song qoacmvhxsz has been added at position 7
loop has been set to ON
loop has been set to OFF
the current position is now 1
vifuonhreb 1
the current position is now 7
loop has been set to ON
qoacmvhxsz 0
ywpqdkokvt 1
loop has been set to OFF
the current position is now 6
wbfgzwrgnq 0
the current position is now 1
the current position is now 4
eaucshyakn 0
tywzolcvoh 0
NO
wbfgzwrgnq 1
qoacmvhxsz 1
loop has been set to ON
ywpqdkokvt 2
the current position is now 10
znohffvypa 1
the current position is now 8
ywpqdkokvt 3
xguhprpohs 1
znohffvypa 2
the song qvfuqdimzc has been added at position 11
the current position is now 4
the current position is now 12
loop has been set to OFF
lwyvzdtico 2
pbutkisxcu 2
the song pnjzsouzaz has been added at position 14
loop has been set to ON
the song hpzuoylgby has been added at position 14
the current position is now 3
loop has been set to OFF
qbiyhdpdhq 0
the song uikwcietyh has been added at position 4
the current position is now 14
loop has been set to ON
the song fiimtwcjvo has been added at position 14
the current position is now 15
pbutkisxcu 3
loop has been set to OFF
NO
hpzuoylgby 0
the current position is now at the end
no more songs
loop has been set to ON
loop has been set to OFF
vifuonhreb 2
the current position is now 4
the song txqjbrlvon has been added at position 4
txqjbrlvon 0
uikwcietyh 0
the song vrmtlqduja has been added at position 6
vrmtlqduja 0
eaucshyakn 1
loop has been set to ON
tywzolcvoh 1
wbfgzwrgnq 2
qoacmvhxsz 2
the current position is now 8
the current position is now 17
loop has been set to OFF
the current position is now 7
the song nhwwmsudbr has been added at position 7
nhwwmsudbr 0
the current position is now 3
qbiyhdpdhq 1
txqjbrlvon 1
the song scmavdpmzc has been added at position 5
the current position is now 12
the current position is now 13
ywpqdkokvt 4
loop has been set to ON
xguhprpohs 2
znohffvypa 3
qvfuqdimzc 0
lwyvzdtico 3
fiimtwcjvo 0
the current position is now 1
NO
the current position is now 9
the current position is now 1
the song uhoannopit has been added at position 1
the current position is now 7
the song lwbybbzvbf has been added at position 7
the current position is now 11
eaucshyakn 2
the song yytmosmhqs has been added at position 12
yytmosmhqs 0
loop has been set to OFF
tywzolcvoh 2
the song zvrzuhgxsx has been added at position 14
NO
YES
zvrzuhgxsx 0
the current position is now 24
hpzuoylgby 1
pnjzsouzaz 0
jowomenffw 2
the current position is now 19
znohffvypa 4
loop has been set to ON
the current position is now 12
the current position is now 2
the song fhmwlsptub has been added at position 2
fhmwlsptub 0
the song jqgxnfluhn has been added at position 3
the current position is now 5
the current position is now 2
the current position is now 21
loop has been set to OFF
the current position is now 25
the current position is now 20
the current position is now 21
loop has been set to ON
loop has been set to OFF
znohffvypa 5
NO
the current position is now 24
fiimtwcjvo 1
the song icdntanwam has been added at position 25
the current position is now 19
loop has been set to ON
loop has been set to OFF
loop has been set to ON
the current position is now 26
the current position is now 19
the song pqcstmmzsf has been added at position 19
loop has been set to OFF
NO
loop has been set to ON
the current position is now 18
qoacmvhxsz 3
NO
the current position is now 17
wbfgzwrgnq 3
the current position is now 21
the song hdesushpvl has been added at position 21
the current position is now 14
the current position is now 4
NO
the current position is now 8
scmavdpmzc 0
the song snpjlpjxqq has been added at position 9
loop has been set to OFF
loop has been set to ON
the song ainpnqodvb has been added at position 9
loop has been set to OFF
ainpnqodvb 0
the current position is now 17
loop has been set to ON
the current position is now 27
the current position is now 1
the current position is now 32
pnjzsouzaz 1
the song hxslpprflp has been added at position 33
hxslpprflp 0
jowomenffw 3
loop has been set to OFF
uhoannopit 0
the current position is now 8
the current position is now 10
snpjlpjxqq 0
lwbybbzvbf 0
uikwcietyh 1
the song hatycbuydv has been added at position 13
