the song tudqarwsqb has been added at position 1
loop has been set to ON
the current position is now 6
ohuitwzdym 0
loop has been set to OFF
the current position is now 12
the song wxnonldnhe has been added at position 12
the song rrcxhwgyjp has been added at position 12
rrcxhwgyjp 0
wxnonldnhe 0
the current position is now 20
vbtmvugcxb 0
the song hovokfujza has been added at position 21
hovokfujza 0
the current position is now 19
alohygeptl 0
the current position is now at the end
the song bscgnxqgbo has been added at position 25
loop has been set to ON
the current position is now 16
NO
loop has been set to OFF
rmcsunhscm 0
daeotlsojv 0
loop has been set to ON
zsbjkihaxv 0
loop has been set to OFF
loop has been set to ON
the song lbupwsrkcu has been added at position 19
lbupwsrkcu 0
loop has been set to OFF
YES
loop has been set to ON
NO
alohygeptl 1
vbtmvugcxb 1
the song cjdvqedtgs has been added at position 22
cjdvqedtgs 0
loop has been set to OFF
the current position is now 20
the song hjozrfkdzi has been added at position 20
hjozrfkdzi 0
the current position is now 2
kndnoptqvi 0
plvhbglgjy 0
the current position is now 5
loop has been set to ON
rtzbtszzbu 0
the current position is now 22
the song krncyazeqd has been added at position 22
krncyazeqd 0
NO
the current position is now 14
the song njmooeapxs has been added at position 14
loop has been set to OFF
the current position is now at the end
the current position is now at the end
the song dxvzrchqet has been added at position 31
dxvzrchqet 0
the song zmrhqqyndg has been added at position 32
loop has been set to ON
zmrhqqyndg 0
loop has been set to OFF
the song qobutwluxp has been added at position 1
loop has been set to ON
the song waobvnjexg has been added at position 1
waobvnjexg 0
qobutwluxp 0
tudqarwsqb 0
loop has been set to OFF
kndnoptqvi 1
the current position is now 25
krncyazeqd 1
the song bhaekcyyju has been added at position 26
loop has been set to ON
bhaekcyyju 0
the song ogqombxamb has been added at position 27
YES
the current position is now 3
tudqarwsqb 1
kndnoptqvi 2
the song vtnahcbdfg has been added at position 5
vtnahcbdfg 0
the current position is now 26
YES
loop has been set to OFF
loop has been set to ON
the song pezwvxdlxj has been added at position 26
the song bqcqnfbqup has been added at position 26
the song hsykaxluol has been added at position 26
loop has been set to OFF
hsykaxluol 0
NO
loop has been set to ON
loop has been set to OFF
the song qoxhijtvek has been added at position 27
qoxhijtvek 0
bqcqnfbqup 0
the current position is now 19
rnsntuyxxm 0
rmcsunhscm 1
the song nffsctfpjr has been added at position 21
nffsctfpjr 0
NO
the song yryarabdpf has been added at position 22
yryarabdpf 0
the song jmptulbnda has been added at position 23
NO
the song mjvufzrsnd has been added at position 23
mjvufzrsnd 0
the current position is now 28
the current position is now 12
loop has been set to ON
loop has been set to OFF
the song fxiuctsohn has been added at position 12
fxiuctsohn 0
xgugdpdcsi 0
loop has been set to ON
the song jfaqavisve has been added at position 14
NO
loop has been set to OFF
YES
jfaqavisve 0
loop has been set to ON
lxlmboiejs 0
lojsulhtvr 0
the current position is now 8
loop has been set to OFF
the current position is now 23
nffsctfpjr 1
NO
yryarabdpf 1
the song dyfqyjmvfe has been added at position 25
dyfqyjmvfe 0
mjvufzrsnd 1
jmptulbnda 0
the current position is now 12
loop has been set to ON
loop has been set to OFF
fxiuctsohn 1
the song gppenirdxh has been added at position 13
gppenirdxh 0
loop has been set to ON
xgugdpdcsi 1
the song vzinyjrhav has been added at position 15
vzinyjrhav 0
jfaqavisve 1
the current position is now 7
loop has been set to OFF
YES
NO
loop has been set to ON
xrohdzqmbj 0
rtzbtszzbu 1
ohuitwzdym 1
the song bigkmmpryx has been added at position 10
loop has been set to OFF
the current position is now 12
the current position is now 1
the current position is now 10
the song tmvmnviyrc has been added at position 10
tmvmnviyrc 0
bigkmmpryx 0
iaqwhwertq 0
oaftnjdgmx 0
fxiuctsohn 2
gppenirdxh 1
the current position is now 1
waobvnjexg 1
qobutwluxp 1
tudqarwsqb 2
the current position is now 13
NO
oaftnjdgmx 1
the song oumxvksjam has been added at position 14
oumxvksjam 0
the song uigvmixzeq has been added at position 15
uigvmixzeq 0
loop has been set to ON
the song uvvglvescp has been added at position 16
the song ykvwglcday has been added at position 16
loop has been set to OFF
the song aofviyxelv has been added at position 16
the song ekhpuyqkae has been added at position 16
ekhpuyqkae 0
the song aazwntkgil has been added at position 17
the current position is now 22
loop has been set to ON
gppenirdxh 2
the current position is now 8
rtzbtszzbu 2
ohuitwzdym 2
the song tgckbbmqqf has been added at position 10
tgckbbmqqf 0
tmvmnviyrc 1
the current position is now 7
YES
YES
xrohdzqmbj 1
the song nyypldoncy has been added at position 8
the current position is now 28
lxlmboiejs 1
lojsulhtvr 1
the song kbeyyyheyo has been added at position 30
loop has been set to OFF
loop has been set to ON
the current position is now 15
the current position is now 10
the current position is now 53
NO
the song bwthifedui has been added at position 53
the song umzehuecbx has been added at position 53
umzehuecbx 0
loop has been set to OFF
YES
the song pryfhkaapj has been added at position 54
the song kizwgyfufn has been added at position 54
NO
NO
the current position is now at the end
no more songs
no more songs
the current position is now 48
the current position is now 56
the song lifuozurty has been added at position 56
the current position is now 66
dxvzrchqet 1
the song xwfmvmkhgb has been added at position 67
xwfmvmkhgb 0
the song symnumawmi has been added at position 68
the current position is now at the end
the song embblipdcp has been added at position 70
loop has been set to ON
the song vrlwejzyjs has been added at position 70
the current position is now 12
tmvmnviyrc 2
bigkmmpryx 1
the song xlbvtfztrr has been added at position 14
the current position is now 17
oumxvksjam 1
uigvmixzeq 1
the song dremxyzjjp has been added at position 19
dremxyzjjp 0
loop has been set to OFF
the current position is now 10
loop has been set to ON
the song qcouxjzwke has been added at position 10
NO
NO
the current position is now 23
aofviyxelv 0
the song xutpihksyi has been added at position 24
xutpihksyi 0
loop has been set to OFF
ykvwglcday 0
loop has been set to ON
the song atvzoxczat has been added at position 26
atvzoxczat 0
loop has been set to OFF
loop has been set to ON
the current position is now 45
YES
the current position is now 38
njmooeapxs 0
loop has been set to OFF
moitxdciwv 0
rnsntuyxxm 1
rmcsunhscm 2
the current position is now 58
umzehuecbx 1
the song sogmglilri has been added at position 59
sogmglilri 0
kizwgyfufn 0
the song ylpxdevggs has been added at position 61
the current position is now at the end
loop has been set to ON
loop has been set to OFF
the song zpdjtttmtq has been added at position 1
YES
the song dxryljeldr has been added at position 1
dxryljeldr 0
the song xdgjfoyuka has been added at position 2
xdgjfoyuka 0
the song ijthwgvkws has been added at position 3
loop has been set to ON
NO
the song dcrvkieyeu has been added at position 3
the current position is now 81
loop has been set to OFF
zmrhqqyndg 1
loop has been set to ON
the song vasqvsfhtb has been added at position 82
vasqvsfhtb 0
the current position is now 5
zpdjtttmtq 0
NO
loop has been set to OFF
the song vruozjlnrq has been added at position 6
vruozjlnrq 0
the current position is now 1
the song niehwhbxfo has been added at position 1
the song hheptokkou has been added at position 1
hheptokkou 0
the song psiqtbtspg has been added at position 2
psiqtbtspg 0
the song ixmpgsuzgc has been added at position 3
loop has been set to ON
the song prutupjxjh has been added at position 3
the current position is now 79
the song dgxyyhowrx has been added at position 79
loop has been set to OFF
NO
the current position is now 60
lbupwsrkcu 1
hjozrfkdzi 1
the song rnhwfaxvie has been added at position 62
NO
the current position is now 72
loop has been set to ON
the song vssgndlrig has been added at position 72
the song ixkzycptbt has been added at position 72
loop has been set to OFF
ixkzycptbt 0
vssgndlrig 0
loop has been set to ON
kizwgyfufn 1
ylpxdevggs 0
the song wgieytygox has been added at position 76
wgieytygox 0
loop has been set to OFF
the current position is now 66
the song xcazlwyqaf has been added at position 66
NO
xcazlwyqaf 0
loop has been set to ON
bqcqnfbqup 1
loop has been set to OFF
loop has been set to ON
YES
pezwvxdlxj 0
the current position is now 51
YES
loop has been set to OFF
loop has been set to ON
the song jjyaljivot has been added at position 51
jjyaljivot 0
the song rdcjqfnuzy has been added at position 52
rdcjqfnuzy 0
the song nfaifndfgh has been added at position 53
the song cfrxcrmhfh has been added at position 53
loop has been set to OFF
cfrxcrmhfh 0
loop has been set to ON
nfaifndfgh 0
NO
loop has been set to OFF
the current position is now 41
xgugdpdcsi 2
the current position is now 24
the song zxyrxdrrdy has been added at position 24
the song ikmzdfiqgz has been added at position 24
loop has been set to ON
loop has been set to OFF
loop has been set to ON
YES
NO
YES
ikmzdfiqgz 0
zxyrxdrrdy 0
tmvmnviyrc 3
bigkmmpryx 2
the song ghdcqrjttl has been added at position 28
the current position is now 22
ohuitwzdym 3
tgckbbmqqf 1
the song xuqdltndsu has been added at position 24
the song flfranzysj has been added at position 24
the current position is now 21
qcouxjzwke 0
loop has been set to OFF
ohuitwzdym 4
loop has been set to ON
the song wbvdlvcllx has been added at position 23
the current position is now 13
loop has been set to OFF
loop has been set to ON
the current position is now 14
loop has been set to OFF
the song lemkqlcgca has been added at position 14
loop has been set to ON
the song crrhqfxgzn has been added at position 14
loop has been set to OFF
crrhqfxgzn 0
loop has been set to ON
lemkqlcgca 0
the current position is now 15
lemkqlcgca 1
loop has been set to OFF
the song pfgfjixatq has been added at position 16
pfgfjixatq 0
tudqarwsqb 3
kndnoptqvi 3
vtnahcbdfg 1
plvhbglgjy 1
the current position is now 12
waobvnjexg 2
qobutwluxp 2
the song agankfcjcp has been added at position 14
the song uvtdsflivj has been added at position 14
the current position is now 22
the song tlnntpmurr has been added at position 22
the song dfuhctyoba has been added at position 22
loop has been set to ON
the song ytetsodavg has been added at position 22
the song erdccbsyyd has been added at position 22
the song higisyndcc has been added at position 22
higisyndcc 0
loop has been set to OFF
the song sopxnanczc has been added at position 23
NO
loop has been set to ON
loop has been set to OFF
loop has been set to ON
sopxnanczc 0
erdccbsyyd 0
loop has been set to OFF
loop has been set to ON
loop has been set to OFF
the current position is now 26
dfuhctyoba 0
tlnntpmurr 0
the current position is now 47
uigvmixzeq 2
the song wynqexilxm has been added at position 48
the song xxmawjuszf has been added at position 48
the song nmfnqvniqi has been added at position 48
nmfnqvniqi 0
YES
the song zrbgqhhmto has been added at position 49
YES
zrbgqhhmto 0
the current position is now 65
NO
loop has been set to ON
loop has been set to OFF
the current position is now 53
the current position is now 37
the current position is now 29
the current position is now 18
pfgfjixatq 1
the song wwlesopoty has been added at position 19
the song fwjlaibwrn has been added at position 19
the song muxvpwzmmj has been added at position 19
muxvpwzmmj 0
fwjlaibwrn 0
the current position is now 2
the song kqgrjhzlrb has been added at position 2
the current position is now 1
NO
hheptokkou 1
the song mfhslvhopi has been added at position 2
mfhslvhopi 0
the current position is now 1
hheptokkou 2
NO
the song ifcqglxkus has been added at position 2
ifcqglxkus 0
loop has been set to ON
mfhslvhopi 1
loop has been set to OFF
kqgrjhzlrb 0
loop has been set to ON
the current position is now 17
uvtdsflivj 0
loop has been set to OFF
loop has been set to ON
agankfcjcp 0
the song yivpwcpsvh has been added at position 19
the current position is now 3
the song ixlztroted has been added at position 3
the current position is now 112
lifuozurty 0
bwthifedui 0
loop has been set to OFF
ogqombxamb 0
the song aecbfvooaw has been added at position 115
aecbfvooaw 0
the current position is now 129
vrlwejzyjs 0
loop has been set to ON
the song bfzwczlzal has been added at position 130
loop has been set to OFF
loop has been set to ON
bfzwczlzal 0
the song opevlxsqzo has been added at position 131
the song xihohoutpm has been added at position 131
YES
the current position is now 114
the song vspdnulvom has been added at position 114
vspdnulvom 0
ogqombxamb 1
aecbfvooaw 1
loop has been set to OFF
NO
the current position is now 99
the song ksppfztvwg has been added at position 99
ksppfztvwg 0
loop has been set to ON
NO
xcazlwyqaf 1
bqcqnfbqup 2
the song fyzydsfaau has been added at position 102
NO
loop has been set to OFF
loop has been set to ON
loop has been set to OFF
the current position is now 93
the current position is now 82
cfrxcrmhfh 1
YES
loop has been set to ON
nfaifndfgh 1
YES
the song dvbrquhxlb has been added at position 84
the current position is now 101
the song nthtznuegq has been added at position 101
loop has been set to OFF
loop has been set to ON
NO
the song gymfhvxatr has been added at position 101
the song iwfgfudbcn has been added at position 101
the song yysfwlcbhe has been added at position 101
the current position is now 95
loop has been set to OFF
hjozrfkdzi 2
rnhwfaxvie 0
alohygeptl 2
loop has been set to ON
the song deyeinihhq has been added at position 98
YES
deyeinihhq 0
loop has been set to OFF
the current position is now 109
the current position is now 99
the song tamflowzsq has been added at position 99
the song glihvjxgbw has been added at position 99
the current position is now 116
the song cwpqmtiene has been added at position 116
cwpqmtiene 0
loop has been set to ON
NO
the song harbiinwii has been added at position 117
NO
the song ohggflpbdv has been added at position 117
the song bduqebutan has been added at position 117
the current position is now 111
loop has been set to OFF
NO
the current position is now 124
the song vodbpxmybd has been added at position 124
NO
NO
the song xkzjylcbmd has been added at position 124
the song kjctfhoznj has been added at position 124
kjctfhoznj 0
xkzjylcbmd 0
vodbpxmybd 0
the song asuoivldro has been added at position 127
NO
NO
asuoivldro 0
wgieytygox 1
the current position is now 136
the song jcwbeflpxh has been added at position 136
loop has been set to ON
jcwbeflpxh 0
cjdvqedtgs 1
loop has been set to OFF
dgxyyhowrx 0
the song dfpclabndl has been added at position 139
loop has been set to ON
loop has been set to OFF
dfpclabndl 0
the current position is now 129
pryfhkaapj 0
lifuozurty 1
the current position is now 140
the current position is now 127
loop has been set to ON
the current position is now 147
loop has been set to OFF
loop has been set to ON
the current position is now 10
dxryljeldr 1
the current position is now 149
the song tbpxhopork has been added at position 149
tbpxhopork 0
vasqvsfhtb 1
loop has been set to OFF
vrlwejzyjs 1
bfzwczlzal 1
the song cxjswnisim has been added at position 153
cxjswnisim 0
loop has been set to ON
xihohoutpm 0
loop has been set to OFF
loop has been set to ON
the song iqtgxfwobp has been added at position 155
the song wtgqbgpkux has been added at position 155
the song uknijnvmed has been added at position 155
loop has been set to OFF
loop has been set to ON
YES
NO
uknijnvmed 0
YES
the current position is now 140
hovokfujza 1
the current position is now 157
iqtgxfwobp 0
NO
opevlxsqzo 0
the current position is now 2
the song vcxkcjhjpl has been added at position 2
vcxkcjhjpl 0
the song kxnzucifvy has been added at position 3
the song ayrpsixogt has been added at position 3
ayrpsixogt 0
NO
the current position is now 20
NO
the song pwzndfktmb has been added at position 20
loop has been set to OFF
loop has been set to ON
loop has been set to OFF
pwzndfktmb 0
loop has been set to ON
qobutwluxp 3
uvtdsflivj 1
the current position is now 18
loop has been set to OFF
YES
vruozjlnrq 1
the current position is now 28
the current position is now 23
the current position is now 10
the song ooitrqqrfu has been added at position 10
ooitrqqrfu 0
prutupjxjh 0
the current position is now 13
niehwhbxfo 0
loop has been set to ON
the song chwvbsaqet has been added at position 14
the song ofgpumkdvx has been added at position 14
loop has been set to OFF
ofgpumkdvx 0
the song mxckwxatds has been added at position 15
mxckwxatds 0
chwvbsaqet 0
loop has been set to ON
dxryljeldr 2
the song kidgacpgii has been added at position 18
the current position is now 12
the song qjgzxolvdr has been added at position 12
qjgzxolvdr 0
the song qujwhjigdj has been added at position 13
the current position is now 165
xihohoutpm 1
the song ekfjidwump has been added at position 166
loop has been set to OFF
the current position is now at the end
the song emupijjshl has been added at position 172
the song qbdbtjpbpq has been added at position 172
the song idllxogixv has been added at position 172
NO
the song daahzrhgut has been added at position 172
loop has been set to ON
daahzrhgut 0
NO
idllxogixv 0
qbdbtjpbpq 0
the song tsmjihffdi has been added at position 175
loop has been set to OFF
the song ztnjmjnvlx has been added at position 175
the song hgqvsfbcwz has been added at position 175
the current position is now 172
daahzrhgut 1
the song cmsoqdvtrs has been added at position 173
cmsoqdvtrs 0
idllxogixv 1
NO
qbdbtjpbpq 1
hgqvsfbcwz 0
loop has been set to ON
the song ezcoarxgyd has been added at position 177
the current position is now 17
loop has been set to OFF
YES
YES
the current position is now 33
lemkqlcgca 2
the song qnqumenunu has been added at position 34
loop has been set to ON
the current position is now 38
wwlesopoty 0
loop has been set to OFF
the song gjmagyxhkg has been added at position 39
the song gepaelpnpx has been added at position 39
the song tfifziniqt has been added at position 39
loop has been set to ON
the current position is now 49
the song sgwqunaeor has been added at position 49
the current position is now 54
nyypldoncy 0
rtzbtszzbu 3
YES
loop has been set to OFF
the song ujnwnfjjoq has been added at position 56
the song wvrqkkqzdi has been added at position 56
wvrqkkqzdi 0
ujnwnfjjoq 0
the current position is now 55
rtzbtszzbu 4
loop has been set to ON
NO
the song kpbkvfenlq has been added at position 56
kpbkvfenlq 0
wvrqkkqzdi 1
the current position is now 73
oumxvksjam 2
loop has been set to OFF
loop has been set to ON
the song mxhkehduad has been added at position 74
the song kaivjshook has been added at position 74
kaivjshook 0
the song ehbbucgswn has been added at position 75
the song qixexehqpr has been added at position 75
qixexehqpr 0
the song vaxwbedkfv has been added at position 76
loop has been set to OFF
the current position is now 66
the song xpsqhxewas has been added at position 66
the current position is now 49
the current position is now 41
YES
gjmagyxhkg 0
tudqarwsqb 4
kndnoptqvi 4
vtnahcbdfg 2
YES
loop has been set to ON
loop has been set to OFF
the song qrbbywthpt has been added at position 45
the current position is now 59
loop has been set to ON
ujnwnfjjoq 1
the current position is now 45
the song tszlsmbpjj has been added at position 45
loop has been set to OFF
tszlsmbpjj 0
qrbbywthpt 0
higisyndcc 1
the current position is now 42
loop has been set to ON
the current position is now 26
YES
the song ondlbqtjuq has been added at position 26
ondlbqtjuq 0
YES
the current position is now 16
the song jbqbluqxsn has been added at position 16
jbqbluqxsn 0
the song skkclgmrbt has been added at position 17
skkclgmrbt 0
the song lydrtlcpyi has been added at position 18
loop has been set to OFF
the song okwpdnqlqc has been added at position 18
the song iwlxvuvnbw has been added at position 18
iwlxvuvnbw 0
the current position is now 7
the song tbwemccgob has been added at position 7
NO
loop has been set to ON
the current position is now 192
the song qlgnoiibwn has been added at position 192
qlgnoiibwn 0
the song mtwcciydwc has been added at position 193
the song fjjruowkcc has been added at position 193
the song jishlztwnh has been added at position 193
the song lbzusjfxfj has been added at position 193
loop has been set to OFF
loop has been set to ON
loop has been set to OFF
lbzusjfxfj 0
loop has been set to ON
jishlztwnh 0
fjjruowkcc 0
the song krkfbyvjcc has been added at position 196
YES
krkfbyvjcc 0
YES
mtwcciydwc 0
the current position is now 1
the song omhriagxxp has been added at position 1
omhriagxxp 0
hheptokkou 3
vcxkcjhjpl 1
the song lemzkpgexj has been added at position 4
the song tsyzvkmhdd has been added at position 4
the current position is now 207
the song yzodvqvmya has been added at position 207
yzodvqvmya 0
qbdbtjpbpq 2
hgqvsfbcwz 1
the current position is now 197
jishlztwnh 1
fjjruowkcc 1
loop has been set to OFF
krkfbyvjcc 1
loop has been set to ON
the current position is now 211
the song jokzghvjrg has been added at position 211
loop has been set to OFF
the current position is now 203
the song nlwikgduaf has been added at position 203
the current position is now 208
NO
yzodvqvmya 1
NO
the current position is now 206
cmsoqdvtrs 1
loop has been set to ON
idllxogixv 2
loop has been set to OFF
NO
loop has been set to ON
the song oyuxxazsgf has been added at position 208
the current position is now 191
xihohoutpm 2
the current position is now 209
the song cootejicci has been added at position 209
the current position is now 212
NO
loop has been set to OFF
the song fmfhmvhets has been added at position 212
the current position is now at the end
the song hncziikwhl has been added at position 219
the song gochpobvdm has been added at position 219
the song mlvchslnnn has been added at position 219
the song dhyxcvjfmt has been added at position 219
the song bgqygsksor has been added at position 219
bgqygsksor 0
the song zyzetlmmfq has been added at position 220
the song mbsltyvwby has been added at position 220
loop has been set to ON
the song evcaejdhyq has been added at position 220
evcaejdhyq 0
the current position is now 3
YES
the song bfwwaoxnra has been added at position 3
the song mctcnubfdm has been added at position 3
NO
loop has been set to OFF
the song rprknvqzsl has been added at position 3
loop has been set to ON
the current position is now 9
NO
loop has been set to OFF
the current position is now 6
vcxkcjhjpl 2
tsyzvkmhdd 0
loop has been set to ON
the current position is now 17
ooitrqqrfu 1
YES
prutupjxjh 1
loop has been set to OFF
the song fsfdbbznvq has been added at position 19
the song dyxcqffukv has been added at position 19
the song saxwwltrne has been added at position 19
the song imdbjcpoiq has been added at position 19
imdbjcpoiq 0
loop has been set to ON
the song xkxyoddoia has been added at position 20
xkxyoddoia 0
the song yrfmffzmnn has been added at position 21
the song xinavjgpem has been added at position 21
the song dkxvcxrlej has been added at position 21
