the current position is now 1
the song iabkthimed has been added at position 1
iabkthimed 0
YES
NO
loop has been set to ON
the current position is now 18
the song mjocbalgox has been added at position 18
YES
mjocbalgox 0
dljfpavgtb 0
hnsfxtavdh 0
the current position is now 8
the current position is now 3
loop has been set to OFF
cggptvrkyk 0
the current position is now 17
the song squazpqywb has been added at position 17
squazpqywb 0
the song vozrifslsz has been added at position 18
the current position is now 9
sivrfzgedb 0
the current position is now 1
YES
loop has been set to ON
the current position is now 5
loop has been set to OFF
the song zrqxolmzbm has been added at position 5
NO
zrqxolmzbm 0
the current position is now at the end
loop has been set to ON
iabkthimed 1
YES
lzzvazdxto 0
the current position is now 15
vqswwylkrl 0
frsmiiqxcu 0
the current position is now 1
loop has been set to OFF
the song lsrajksvxm has been added at position 1
the current position is now 1
lsrajksvxm 0
iabkthimed 2
loop has been set to ON
lzzvazdxto 1
loop has been set to OFF
the current position is now 23
the current position is now at the end
no more songs
the current position is now at the end
the current position is now 14
the current position is now 20
the current position is now 21
NO
kkgorqugdf 0
the current position is now at the end
the current position is now 14
the current position is now at the end
loop has been set to ON
the current position is now 15
iwvluuycfj 0
loop has been set to OFF
vqswwylkrl 1
frsmiiqxcu 1
the current position is now 11
sivrfzgedb 1
the current position is now 16
YES
vqswwylkrl 2
the current position is now 5
the current position is now 15
loop has been set to ON
loop has been set to OFF
iwvluuycfj 1
loop has been set to ON
loop has been set to OFF
YES
vqswwylkrl 3
frsmiiqxcu 2
the current position is now at the end
no more songs
no more songs
no more songs
the current position is now at the end
the song sxkyvzcwbg has been added at position 27
loop has been set to ON
the current position is now 7
loop has been set to OFF
loop has been set to ON
the current position is now 24
the song qcjxbcezjk has been added at position 24
qcjxbcezjk 0
loop has been set to OFF
hnsfxtavdh 1
mvgqhgcjpo 0
loop has been set to ON
YES
rszqekwpyb 0
the song wegnunuzrc has been added at position 28
wegnunuzrc 0
sxkyvzcwbg 0
loop has been set to OFF
lsrajksvxm 1
the current position is now 1
the current position is now 18
the current position is now 25
the song tdygkmhgej has been added at position 25
tdygkmhgej 0
the song zfuoimcbqe has been added at position 26
the current position is now at the end
the current position is now at the end
the current position is now 16
NO
vqswwylkrl 4
the current position is now 25
the current position is now 23
NO
loop has been set to ON
dljfpavgtb 1
NO
NO
the song btxpugavqr has been added at position 24
the song axlcytkxxl has been added at position 24
the song kigzdorubr has been added at position 24
kigzdorubr 0
the current position is now 5
the current position is now 27
YES
qcjxbcezjk 1
tdygkmhgej 1
the song zbvpvqdrkv has been added at position 29
loop has been set to OFF
the current position is now 10
loop has been set to ON
the song vemckxrqvo has been added at position 10
the current position is now 7
NO
the current position is now 1
the song btidrfcovz has been added at position 1
btidrfcovz 0
the song ljzinbyuzw has been added at position 2
loop has been set to OFF
the current position is now 1
loop has been set to ON
YES
the current position is now 2
loop has been set to OFF
the current position is now 19
the song vtqjcmrvjr has been added at position 19
loop has been set to ON
the current position is now 1
the song xrvwunpivr has been added at position 1
xrvwunpivr 0
btidrfcovz 1
ljzinbyuzw 0
NO
NO
YES
lsrajksvxm 2
the current position is now 1
the song wzjxppngfy has been added at position 1
the current position is now 14
the current position is now 41
the current position is now 26
the current position is now 33
loop has been set to OFF
loop has been set to ON
loop has been set to OFF
qcjxbcezjk 2
the current position is now at the end
NO
loop has been set to ON
wzjxppngfy 0
xrvwunpivr 1
loop has been set to OFF
YES
loop has been set to ON
the current position is now 9
the current position is now 17
ovlzltitch 0
the current position is now 32
the current position is now 9
the song ocezblwtns has been added at position 9
the current position is now 39
NO
YES
mvgqhgcjpo 1
the current position is now 22
vtqjcmrvjr 0
YES
vqswwylkrl 5
the song usozphgayg has been added at position 24
usozphgayg 0
the song cemjramxsv has been added at position 25
the song qfrsanqays has been added at position 25
the current position is now 42
the current position is now 7
loop has been set to OFF
lzzvazdxto 2
cggptvrkyk 1
loop has been set to ON
the current position is now 28
the song wmapgnqxmy has been added at position 28
wmapgnqxmy 0
tzeyzavtdo 0
squazpqywb 1
YES
the current position is now 41
NO
the current position is now 3
the current position is now 21
loop has been set to OFF
iwvluuycfj 2
the song iqvdsrymki has been added at position 22
iqvdsrymki 0
vtqjcmrvjr 1
the song ufymrlcyln has been added at position 24
the current position is now 32
squazpqywb 2
the current position is now 39
the current position is now 25
