No student with name ghl
No student with name ro
zhgsbaecplp added at 1
0
0
hi added at 2
No such student
hi
2
liev added at 3
vwcqeq added at 2
liev
No such student
hi has left position 3
1
No such student
cyspqzvuqi added at 1
zptlpvooy added at 5
yapgv added at 6
vwcqeq
No such student
No such student
ffn added at 4
njyeeltzaiz added at 7
iccozwk added at 5
wyhzgpqlwfk added at 4
4
No such student
No such student
No such student
qinn added at 5
qmihntkdd added at 6
alwnmsxsa added at 3
qmihntkdd
cnnpjf added at 9
rmrnyu added at 1
nw added at 2
jjp added at 7
njyeeltzaiz yapgv
No student with name tyqjtm
cnnpjf
No such student
srd added at 9
qkduvt added at 13
zzczufvtvf added at 4
oygk added at 7
zptlpvooy
neghbctcb added at 6
dxezrzg added at 13
0
nw has left position 2
No student with name qi
qfmzjqtlrs added at 14
9
No student with name kzhhvlx
3
2
No student with name rwwxyrh
yiqdchghr added at 8
No such student
3
5
1
iewqmoxkjwp added at 4
mqor added at 21
uxedvyw added at 13
2
giest added at 4
7
aigocfufbub added at 4
yrrffmwa added at 1
qfmzjqtlrs
No student with name poxhxclqqe
nnzcphkfl added at 5
bqs added at 18
tdwluds added at 14
aungfzoi added at 5
bxifoprwcjz added at 4
No student with name ro
jypweuxve added at 6
ybogsf added at 7
qhipbompufp added at 12
cki added at 25
aghufczm added at 12
ccgwig added at 25
giest has left position 11
8
tdwluds has left position 19
qkduvt has left position 32
qinn has left position 28
kucz added at 31
8
kw added at 7
oygk
qfmzjqtlrs
tj added at 33
0
29
fynze added at 10
No student with name nw
mydypv added at 34
gyxb added at 3
cyspqzvuqi has left position 4
qhipbompufp has left position 14
qtmv added at 27
ccgwig has left position 24
vv added at 33
No student with name edervvu
hzkywhmgc added at 29
qvdcqdp added at 44
zmxwneikzf added at 23
tant added at 20
lpwzv added at 36
hnvkplpf added at 41
njyeeltzaiz yapgv
zdmuszlobio added at 48
vkwkxlrxbl added at 4
No student with name coghotpus
No student with name pfhza
zkbcsqmnc added at 3
azvr added at 50
yeupyvd added at 38
No such student
0
zptlpvooy
kbyubxruws added at 18
No such student
wd added at 21
5
pd added at 47
hnvkplpf
bnjpz added at 24
xe added at 58
29
5
vz added at 58
39
soppv added at 47
leijpyn added at 57
hzkywhmgc
rdjadj added at 57
gbsypjom added at 54
brnki added at 47
qfmzjqtlrs
dfvirbosv added at 18
No student with name bxdwjccgtd
0
aojyjof added at 34
gbsypjom njyeeltzaiz yapgv
No student with name xiksxj
No such student
No student with name nw
hrt added at 38
kwwojbqhjjf added at 27
boac added at 9
11
dxezrzg has left position 39
tgxdcttnu added at 30
vfscrwqty added at 42
yn added at 5
No such student
uowz added at 57
pmdzjlrlc added at 67
cyoywbmvzhx added at 10
enhvivthf added at 1
vfscrwqty qfmzjqtlrs
aquyetwift added at 43
nsx added at 46
21
qsvzzscq added at 19
qmihntkdd
nmtae added at 67
tmykcbrz added at 47
juhltznlui added at 73
No student with name vkhfxb
stouzgqmeao added at 29
rq added at 10
4
ohydtuotjyy added at 77
ttlknmqdyv added at 8
No student with name bqfspvcoul
tuqastvp added at 4
oahpsdifn added at 10
rfbqa added at 73
pd mqor iccozwk
tdcctcmiu added at 20
aungfzoi has left position 19
39
ioyvjdxnwb added at 24
No student with name eyl
bsitjp added at 7
zfri added at 12
pfesfsq added at 55
rxek added at 80
cgmtmvvgf added at 39
tmykcbrz has left position 57
zaddukvlqpk added at 47
zjzhws added at 54
vz xe
ham added at 64
