No such student
No student with name naqzrz
0
No student with name naqzrz
0
0
zcfkrw added at 1
xyg added at 2
0
ttyitteu added at 1
nkmgeggin added at 3
xyg has left position 4
No such student
hfylzbalqjp added at 3
0
jzyv added at 2
knyimezramy added at 5
rxwtaxesgur added at 1
1
dfspss added at 3
3
No such student
knyimezramy nkmgeggin
bii added at 4
No student with name xyg
atbkayt added at 6
wzdon added at 11
vazjwpczxkw added at 6
raa added at 9
jzyv has left position 5
hnvggteiy added at 1
vcpwda added at 6
No such student
tjwxffkalt added at 6
rbuly added at 13
No student with name audc
No such student
vzw added at 10
5
knyimezramy has left position 15
icbnljkoah added at 15
No student with name gwzzzlykevh
rhwzx added at 4
fp added at 16
No such student
jjjqzi added at 16
ae added at 3
jwcc added at 6
ttyitteu
0
5
No student with name fwk
No student with name fwk
12
rbuly has left position 17
hfylzbalqjp has left position 16
ckaatpdohtg added at 11
3
No such student
rhwzx has left position 5
gfxwkca added at 9
cbnrgebbmd added at 16
12
No such student
dnnkpesubo added at 13
dr added at 17
huq added at 1
auedg added at 9
0
8
fjcgzglqjvk added at 6
5
bqyf added at 10
cwmhfoogx added at 16
8
iswdwmi added at 5
gjzu added at 14
2
No such student
1
erep added at 22
ye added at 32
11
22
ye has left position 32
13
akwv added at 17
nwa added at 26
atbkayt
13
rbtvb added at 9
No such student
cglujfcmel added at 3
pkmctltue added at 11
vkjuxprmip added at 7
oajyinmmyxd added at 30
jfe added at 14
ayzqtlzqi added at 28
jxybmn added at 20
xllmx added at 13
lwcwgjadj added at 39
cglujfcmel has left position 3
yjedippvooi added at 40
No such student
xo added at 3
erfwsrwkqu added at 33
vazjwpczxkw
No such student
ltmv added at 9
ltmv has left position 9
btpvlofyae added at 37
zwyttlofi added at 20
iswdwmi
spletgv added at 12
rxwtaxesgur
No such student
jxybmn has left position 23
yseenuxxp added at 37
hrys added at 44
raa has left position 42
tpvh added at 25
4
3
zhayf added at 14
No student with name znmnr
No such student
No student with name cglujfcmel
cxsdrgsrm added at 18
No such student
kxin added at 43
lgbjn added at 37
No such student
wzdon
rxwtaxesgur
kxin dr cbnrgebbmd
10
kk added at 14
vqphek added at 33
xia added at 7
5
21
7
vggvdxf added at 50
lcdaj added at 12
9
kk has left position 16
swbbt added at 41
ya added at 40
lcwnoia added at 26
ovvd added at 28
axlzxlcyg added at 22
jfe
zwyttlofi
ya has left position 43
kbw added at 36
bfkxmk added at 44
cjbi added at 36
upwccwqg added at 11
znwmrhyufm added at 8
kys added at 34
lcdaj rbtvb
hrys
dnnkpesubo has left position 43
0
uievc added at 56
12
51
dak added at 61
ldyv added at 64
4
ugen added at 47
No student with name fwk
bii has left position 23
xo has left position 3
zyvumiosm added at 8
xmwfpnodhad added at 63
fp icbnljkoah nkmgeggin
uievc kxin dr cbnrgebbmd
0
No student with name wh
odsatu added at 43
spletgv pkmctltue
No such student
5
decxgpttuvi added at 13
tjwxffkalt has left position 27
ottsf added at 35
bigfgm added at 17
18
zief added at 63
jibcnpvj added at 7
cjk added at 57
No student with name xgeqmahlt
ue added at 73
25
14
No such student
icswx added at 37
twheibqvit added at 66
yevzevptn added at 1
cckpknjhmh added at 4
kogs added at 1
rxwtaxesgur
ycpo added at 40
ewzgiqtxz added at 21
jgetxkmmkb added at 76
banbum added at 76
ladpy added at 51
ygtrgutp added at 31
No student with name bgryqus
zovccwcqayc added at 9
xia has left position 10
zwyttlofi
ni added at 15
mtfxs added at 36
su added at 53
qzoq added at 67
axlzxlcyg
bqyf auedg
dalxvjn added at 73
No student with name naqzrz
cxsdrgsrm
kys tpvh
iaonazkxi added at 61
vigrbk added at 61
swbbt has left position 66
ja added at 42
lqi added at 22
No such student
zwyttlofi has left position 36
2
hjq added at 30
ecapqsidub added at 6
ecoqnsrula added at 95
twheibqvit zief vggvdxf
yrpivrkkhe added at 13
No student with name jzyv
kys tpvh
khfkyusvne added at 95
wjcijajmbz added at 39
qiwzfnu added at 47
32
ladpy
64
oslxor added at 97
okzlw added at 74
2
zqqif added at 70
iswdwmi
upwccwqg
