No such student
No such student
No student with name ak
tdjrhv added at 1
No such student
0
No student with name rcowakkmp
No such student
adiilxsmhfw added at 1
No student with name hv
1
vnognr added at 1
vfoqrxv added at 1
No such student
mgo added at 4
tdjrhv
No such student
tkao added at 5
0
jyk added at 5
No such student
3
No such student
yhxkjvcx added at 1
yhxkjvcx
jkxspbuoi added at 8
yhxkjvcx
No student with name himjhvgteew
tjjq added at 3
rfg added at 9
No student with name mayqnqk
rgaupsb added at 10
No student with name dy
yhxkjvcx
tjjq has left position 3
4
No such student
6
No such student
No student with name forctuq
No such student
osayegcxoz added at 6
1
nlzvuleydv added at 5
No such student
vnognr has left position 3
9
No student with name tjjq
lcyhbigvjfz added at 5
hvahawoz added at 3
soux added at 5
rfg
No such student
No student with name enocltcsdfu
No such student
8
vfoqrxv
1
No student with name hv
fo added at 16
No student with name hwv
No such student
No student with name txh
No such student
No such student
vuhvipvz added at 6
nlzvuleydv
zogxyuhqwv added at 1
No student with name xkgcie
cfewbqfibuw added at 8
uxdaudvev added at 6
byn added at 12
mdupr added at 6
7
15
No such student
17
ivxub added at 2
jspdp added at 7
acmetkizbjk added at 17
No student with name vnognr
No student with name tjjq
hsdyfdbr added at 22
wdr added at 15
fbkagjjqsc added at 19
lqnagqa added at 23
0
pmkptl added at 7
No such student
30
No such student
13
0
ivxub has left position 2
nsrkpwibp added at 14
No student with name gpregq
ebsyzag added at 18
No student with name tjjq
No such student
tdjrhv has left position 30
No such student
26
No student with name ttjelego
vlxogf added at 7
acmetkizbjk has left position 21
zogxyuhqwv
No student with name iyddt
2
ng added at 2
hudzindgevp added at 28
zqa added at 20
No student with name rcowakkmp
No student with name cowtl
28
jogcqwe added at 24
jjrevznt added at 31
ervl added at 5
zqa ebsyzag
ficqz added at 19
upgy added at 33
rkiwf added at 25
jz added at 24
psrbsa added at 9
szqfh added at 4
No student with name rlvsuspk
hudzindgevp
No student with name agdzilo
vutp added at 24
vfoqrxv
eupo added at 22
No such student
kntm added at 44
mje added at 6
zattf added at 39
No student with name hzedorf
No student with name jsw
No student with name kdophri
12
rrqyznhxf added at 32
zattf hudzindgevp
0
icoyafvvymn added at 2
obgl added at 2
No student with name gpregq
vfqvss added at 42
hvljk added at 1
19
ukh added at 2
No student with name bnvq
No student with name pycssartg
mztxqzee added at 1
ar added at 21
xjxax added at 54
No student with name ltoknpd
fbkagjjqsc
No such student
ag added at 13
uxuopxccas added at 10
ficqz
xcyfbzmsdt added at 54
ezwlnqiie added at 11
No student with name az
ytod added at 13
ag hvahawoz adiilxsmhfw
obgl has left position 5
fo has left position 60
2
No student with name zqirctpifaj
ezwlnqiie
5
xh added at 10
cfewbqfibuw has left position 28
khjgfznyn added at 39
zattf has left position 51
icoyafvvymn has left position 5
No such student
wtjif added at 31
jpa added at 40
tdmgbp added at 46
ilgzbxg added at 15
xujipe added at 40
27
63
exsnfjtmuj added at 36
mhbvkxw added at 43
No student with name xkgcie
ficqz has left position 31
53
qwv added at 57
No student with name lg
uptl added at 15
No such student
mld added at 43
No student with name zattf
No student with name gnhfljxms
No student with name hibhaivyr
nrajrouupx added at 2
lxxo added at 68
pqqapgfz added at 64
3
wtjif has left position 33
No student with name haazn
wzknqa added at 55
hgviud added at 22
wf added at 12
ukh zogxyuhqwv
43
psn added at 27
zwchsgt added at 61
49
rgijylbjpb added at 17
rdzhxp added at 65
wnpf added at 55
No such student
No student with name pr
um added at 9
No student with name mudnbcnu
kqowp added at 48
No such student
28
No student with name hespkahc
tanmo added at 35
vuhvipvz
rgijylbjpb uptl ilgzbxg ag hvahawoz adiilxsmhfw
ej added at 13
27
szqfh
ng yhxkjvcx
hudzindgevp has left position 69
clalqcghiua added at 72
0
62
30
jtrlehokr added at 81
No student with name uvuvnbdr
nvluhyx added at 59
No such student
ar
12
zyryzmpjev added at 47
21
jkxspbuoi
gjogdofp added at 6
No such student
wvzvmiwzts added at 59
ctaqbmgjr added at 37
oibhdaz added at 34
11
No student with name vaskwghfe
No student with name ltoknpd
No such student
ng has left position 7
jyxk added at 51
ijlmdqws added at 25
wk added at 66
pqqapgfz xcyfbzmsdt rgaupsb
79
xynquh added at 86
lcyhbigvjfz has left position 42
No student with name drzzzkyi
6
khjgfznyn
12
No student with name ztvuebvgi
ffgdzsdt added at 85
24
tyrpdivsi added at 57
5
28
eupo wdr byn
No student with name xkgcie
opz added at 35
bme added at 42
bvco added at 4
pgvzrw added at 28
shr added at 80
jyxk xujipe
tanmo nlzvuleydv
9
jz has left position 54
4
ey added at 10
zyshe added at 50
sgzr added at 18
91
qxpvqzunp added at 60
pqqapgfz xcyfbzmsdt rgaupsb
nzogfn added at 88
No student with name mayqnqk
21
tip added at 44
kqowp has left position 62
1
ffgdzsdt xynquh jkxspbuoi
klyogidf added at 7
No student with name hsjyp
ylr added at 62
jyxk xujipe
jgmtlrh added at 44
ilgzbxg has left position 25
