No student with name ggkbbipzzrz
No student with name ggkbbipzzrz
udfykgr added at 1
udfykgr has left position 1
giooobppl added at 1
No student with name udfykgr
No student with name udfykgr
nvwdtx added at 2
No student with name udfykgr
uxnspusgdh added at 2
No student with name apjnadqhd
No student with name qlwp
bmwsiqyoyg added at 4
No student with name ggkbbipzzrz
egebeocfu added at 4
No student with name xymzevypzv
ehkchz added at 6
flilrjq added at 7
nxztq added at 6
svbspkyhs added at 8
nxztq has left position 6
pddbuotbbqc added at 6
iv added at 7
fxjujjddn added at 5
geiqvdgai added at 7
vwc added at 4
No student with name nbppkq
ehljxe added at 1
No student with name nxztq
No student with name ubzvafs
qpqwu added at 13
ifwovyddw added at 3
No student with name aubwewpjvy
ehljxe has left position 1
nneslsplwu added at 5
bmwsiqyoyg has left position 9
egebeocfu has left position 7
knhkw added at 2
panlt added at 10
fi added at 15
panlt has left position 10
fxjujjddn has left position 8
wcs added at 12
moxeqmrjo added at 4
nvwdtx has left position 6
wlkobmeahkg added at 6
cn added at 9
ehhs added at 11
geiqvdgai has left position 10
hlr added at 6
No student with name bmyppph
No student with name nvwdtx
basjeuyga added at 11
No student with name mgyjgfdxvtn
No student with name bmwsiqyoyg
uw added at 8
jqsjxvkqdor added at 4
No student with name bmyppph
No student with name og
No student with name vvburc
lpg added at 7
irbfc added at 15
No student with name ow
No student with name oub
fxsnvucftp added at 7
ctgt added at 14
mx added at 3
upycfgc added at 25
basjeuyga has left position 17
it added at 15
wcs has left position 23
rampetvhq added at 1
ddjeqvuygpn added at 5
No student with name ggkbbipzzrz
frpj added at 20
No student with name cxam
bmskskfo added at 10
No student with name bmwsiqyoyg
No student with name geiqvdgai
wjckdmeou added at 27
zhyv added at 25
No student with name gvwujbq
xpitcvogr added at 22
id added at 25
vhr added at 3
No student with name basjeuyga
kleewhxte added at 21
vhr has left position 3
ebnvfgvj added at 22
dv added at 3
jaf added at 19
No student with name xlz
No student with name wcs
xfgvice added at 30
No student with name bmwsiqyoyg
ehhs has left position 28
vhesnkqx added at 39
wrqi added at 36
No student with name bmyppph
vhesnkqx has left position 40
