zy added at 1
nvqqc added at 1
zy has left position 2
nvqqc
id added at 2
No such student
No such student
cvkelhhzjch added at 2
dnl added at 1
nmppnlgjzn added at 1
ewwuysgefo added at 2
expmmsb added at 1
No such student
zqmkqzxuvt added at 8
id
lqzkglzamz added at 4
dnsjo added at 9
No such student
zqmkqzxuvt
id has left position 8
No student with name lszkhfzconn
nsmouwqh added at 3
dsgcfo added at 7
ewwuysgefo has left position 4
lqzkglzamz
toayuvno added at 1
djf added at 1
No such student
bapriujimq added at 11
dnl has left position 7
lgvlcsaq added at 1
dbgwt added at 5
No such student
dnfnbyjvpd added at 12
xyuzqxsta added at 15
bzp added at 7
No such student
cvkelhhzjch has left position 12
vgbofth added at 12
No such student
dnaywpnbito added at 8
toayuvno
dsgcfo nvqqc
No student with name opmd
No such student
ucqxs added at 11
No such student
djf has left position 2
kejh added at 3
No such student
No such student
No student with name ewwuysgefo
No such student
lqzkglzamz
No student with name vnxb
No such student
No such student
No student with name qtw
No such student
cgdqrnll added at 5
No such student
zvmwnuufnn added at 15
vloyvgmliuq added at 12
No such student
No such student
No student with name oj
iumoi added at 9
wcqx added at 17
wkqwgxyazn added at 19
naikameyb added at 21
uqb added at 15
No such student
hrynqxqq added at 13
lfot added at 22
wcqx has left position 19
No such student
No such student
nsmouwqh has left position 11
zyxnjcb added at 23
No such student
jhovengb added at 11
No student with name seett
vloyvgmliuq has left position 14
No student with name ainhwilk
No such student
bzp
iumoi dnaywpnbito
vgbofth
inepfdu added at 26
luc added at 23
No such student
nmppnlgjzn
kcapwpbqrom added at 24
uqb
No such student
cpjmrm added at 18
pbegvsuluqt added at 25
ucqxs
kcapwpbqrom has left position 26
qbvufdp added at 25
xcwn added at 9
No such student
dicwso added at 26
No such student
No student with name zzwpwmfbfjk
No such student
No such student
otqiktxi added at 2
No such student
No such student
qbvufdp pbegvsuluqt zyxnjcb dnfnbyjvpd bapriujimq
lbstnosvdk added at 2
luc
No student with name hwgfn
lgvlcsaq has left position 1
No student with name piecwxxbj
inepfdu has left position 33
zvmwnuufnn
naikameyb
dbgwt has left position 7
cgdqrnll has left position 6
No such student
No student with name nmk
No such student
No student with name cgdqrnll
zvmwnuufnn has left position 19
uoyevslq added at 30
rlyskrh added at 11
nl added at 26
nl
uyyf added at 9
No student with name qzeqvlq
yyepfaesjlk added at 28
No such student
No student with name nsmouwqh
jrxhrdyyddq added at 35
qdo added at 3
jhovengb lqzkglzamz
xzjywum added at 2
No student with name cvkelhhzjch
oyirmi added at 17
ernekxd added at 27
icjfqkk added at 29
No student with name xqiysrsqfwq
No student with name hwgfn
zkws added at 31
jrxhrdyyddq dnsjo
ugfrteom added at 4
No student with name vcz
qnir added at 27
