oweymgspit added at 1
shwwy added at 1
0
tiirmg added at 1
uyu added at 1
tiirmg has left position 2
jiwff added at 1
oweymgspit has left position 4
No such student
prqkqnloloa added at 3
prqkqnloloa has left position 3
No such student
wy added at 3
0
hkcsmjkg added at 2
cdgnrnw added at 1
jxgpqkjxbsh added at 7
1
0
No such student
hkcsmjkg has left position 3
2
0
vcfp added at 4
bqxv added at 4
yzhhuygjhh added at 6
No such student
aaidqhzs added at 4
acoucwe added at 2
yzhhuygjhh
hagpxrbxtla added at 4
No student with name sqox
cupvaea added at 9
6
No student with name tzxawvbjrrp
xu added at 8
zyeavofan added at 8
xngqyhubmaf added at 9
qyz added at 2
cinylowrot added at 16
0
tfijdsdggf added at 19
yzhhuygjhh
up added at 2
kitgcm added at 11
19
uvtsiuiafpr added at 15
jgpuqlatx added at 23
No such student
21
wy
ughpftgxz added at 19
No such student
nbuj added at 19
up
nrdd added at 1
No such student
8
jsa added at 11
7
bqxv has left position 10
ekexmyz added at 18
1
kitgcm has left position 12
ujgrkudd added at 25
fkjjwq added at 21
joiaptulbqu added at 3
xxp added at 6
gvksq added at 27
wktiwef added at 23
No such student
5
No student with name lhfxjyjskq
tywgthcamq added at 6
cdgnrnw
jufpuww added at 12
xxp acoucwe jiwff
aj added at 27
hnzvdrx added at 31
ismt added at 6
gbscxqyclzk added at 12
No such student
No such student
No student with name ubzukzd
0
wu added at 26
gbscxqyclzk has left position 12
tqnsbhjlz added at 17
oefurcwgznw added at 22
7
wb added at 6
hmht added at 24
ny added at 2
ebvn added at 32
kj added at 42
ewj added at 7
dt added at 47
nrdd
xngqyhubmaf has left position 21
No student with name kitgcm
6
wqdafphr added at 38
umgrakzmm added at 39
tqnsbhjlz xu
sn added at 27
ilg added at 25
lnc added at 43
eipqq added at 37
uvtsiuiafpr has left position 23
No such student
5
No student with name dnwgzy
uxit added at 23
knueon added at 14
No such student
be added at 50
No student with name vidnuokvjr
byxlltrbg added at 6
3
ny
jxgpqkjxbsh has left position 49
jqepnlp added at 25
No student with name hkcsmjkg
bwjqe added at 12
uxit has left position 27
14
24
dt has left position 55
0
ygjxiem added at 23
No student with name ufarf
kfsudo added at 19
jekr added at 35
ffcyd added at 40
jbsn added at 1
ewj wb ismt tywgthcamq
No student with name lenlf
vsunbzsezyq added at 7
No student with name cddgcgoreac
ilg has left position 32
No student with name va
No student with name wqfnqrnvvil
wktiwef has left position 43
ewj has left position 10
sirj added at 8
qjxkdbfw added at 22
eqyxq added at 30
jsa
No such student
No student with name fpcmkivbpoi
sqkqsqg added at 44
14
wsxbwznv added at 40
0
kfsudo
iijaxo added at 15
ugtxfukage added at 46
28
dllpon added at 55
iansizuin added at 27
No student with name ruettyzswra
jqepnlp has left position 34
3
No such student
9
No student with name lzkkcvvsmk
sn ekexmyz
aozj added at 21
xh added at 35
vsunbzsezyq
ugtxfukage sqkqsqg ebvn fkjjwq
6
eipqq aj ughpftgxz cinylowrot
fjfqmdoo added at 7
btmzhfwest added at 68
7
hwipyfwk added at 70
No student with name uglvapur
xxp has left position 17
pqr added at 21
dllpon umgrakzmm
62
63
jgpuqlatx has left position 69
wbqlr added at 17
br added at 37
hwipyfwk
No student with name yep
oefurcwgznw has left position 39
yc added at 3
No such student
vkjoa added at 8
8
yquaviylxmy added at 67
12
sirj byxlltrbg qyz
pbmjyreyhy added at 11
No student with name sbezbgnwk
No student with name uglvapur
0
No student with name fypepdevdzw
No student with name tzxawvbjrrp
ughpftgxz has left position 59
ysfnpefzlx added at 72
xnnkdcfvjh added at 67
ezkam added at 23
ppenhkczqj added at 76
bg added at 49
ztsjxuqudxx added at 20
qjxkdbfw jufpuww aaidqhzs
ezkam knueon hagpxrbxtla
kqvdigce added at 67
6
33
pihsu added at 49
cmyixgkbejn added at 44
ffyllhdq added at 8
nnqa added at 5
26
No student with name nrxtbpms
pqr aozj uyu
16
soztyynjawx added at 55
20
uszpjj added at 46
tldqgtr added at 87
4
sl added at 36
48
slo added at 56
kfwtvpgahm added at 26
ynkqe added at 55
12
oikcuui added at 8
pfjw added at 23
qkapymhcaqt added at 35
cdz added at 37
rzlbl added at 77
dllpon umgrakzmm
No student with name ah
apiahd added at 51
68
90
jm added at 32
10
upuxidebl added at 91
vcfdkhor added at 54
No student with name owpdkn
mrfzfut added at 3
kqvdigce lnc
ppenhkczqj hwipyfwk
cmyixgkbejn has left position 57
bmsrfzlcjrd added at 57
ana added at 55
fci added at 53
dypitqzhy added at 1
12
stafvxkxf added at 48
ae added at 90
izrkhpcirid added at 70
jiwff has left position 29
44
sow added at 77
kfwtvpgahm ezkam knueon hagpxrbxtla
yquaviylxmy kj
ytze added at 47
cdz qjxkdbfw jufpuww aaidqhzs
52
jag added at 91
obllzh added at 20
wwcuebnf added at 99
xydxp added at 94
eipqq has left position 85
bwsoktwoqu added at 81
ka added at 56
No such student
fasl added at 24
bbhxtvhntxd added at 100
No student with name dpsxpmaey
No student with name erfmfz
wcgyutcxujv added at 103
wu has left position 79
szj added at 54
rihhmtunp added at 35
tp added at 52
mrqjcnzju added at 59
lymc added at 67
No student with name fnybcb
23
zd added at 26
mrqjcnzju
zd iijaxo
fr added at 107
acoucwe has left position 31
12
kv added at 10
ka fci apiahd xh
dtc added at 17
xnnlveun added at 112
dypitqzhy jbsn nrdd
znv added at 42
kxp added at 111
mrqjcnzju
znjf added at 111
xjgho added at 42
jll added at 22
rihhmtunp jm pqr aozj uyu
zd iijaxo
50
4
wxwb added at 119
No student with name nqpczug
zbkokdmgwt added at 33
No student with name exq
ggge added at 10
mrqjcnzju
No student with name ilg
udpeh added at 103
mfylfitno added at 45
raglqppep added at 126
stafvxkxf has left position 59
46
oogoblww added at 132
izrkhpcirid slo bg
ee added at 131
vjnag added at 114
No student with name rw
No student with name qkfqbmqi
No student with name jiwff
be has left position 128
joiaptulbqu has left position 9
tqnsbhjlz xu
hxuhltw added at 1
No such student
hyt added at 32
cay added at 55
lixtfra added at 87
cay sl jsa
vtl added at 97
saffgu added at 63
nbuj
vwppyjcx added at 23
zihuuhmw added at 114
No such student
vqhtutrskgr added at 80
No student with name qvfatmseoh
jag shwwy
sg added at 64
cinylowrot has left position 108
rbnxsijiov added at 61
