wlrbb added at 1
qbhcdarz added at 2
wkkyhidd added at 3
scdx added at 1
jmowfrx added at 3
jybldbef added at 3
arcbynecdy added at 2
gx added at 5
pklorel added at 3
nmpap added at 5
fwkhop added at 9
mcoqhnwnku added at 1
whsqmgbb added at 12
qc added at 12
jjivswmdk added at 10
tbxixmvt added at 6
rbljptnsn added at 15
wzqfj added at 6
afadrr added at 15
so added at 20
sbcnuvq added at 14
ffb added at 19
aqxwpqcace added at 9
chzvfrkml added at 21
ozjkpqpxr added at 14
xkitzyx added at 14
cbhhkicq added at 13
oendtomfgd added at 6
dw added at 28
cgpxiqv added at 8
uytd added at 6
cgdewht added at 6
ciohordt added at 6
kv added at 6
cs added at 8
spqoqmsb added at 25
aguw added at 25
nyqxnzlgdgw added at 17
btrwb added at 8
nsade added at 31
guumoqcd added at 34
ubetoky added at 40
hoachwdvmxx added at 31
dryxlmndqtu added at 31
wagmle added at 36
uuk added at 20
cibx added at 6
bume added at 40
meyat added at 42
rmy added at 38
