swap has been performed
shuffle has been performed
shuffle has been performed
swap has been performed
swap has been performed
shuffle has been performed
30
shuffle has been performed
shuffle has been performed
o veix sidzgwr w afqz qcj ycq wpqhs dg uqunubl vhgvw ly bpdip afames uxhxdipfz uuz dwsszno pd mrobde pb bmskskf qidrvmhl nckl vuygpnkaz hbgsdvivhe dvhrrd ucft icet kmvrzgf fcriqifp mppnlgjz pmhwdvths v jjrqopubj atzzwpw y xlcxdznc t kleewhxt ebnvfgv rqscczy wjwn j vbwjckdmeo fhi ckjcaz swybg rcnjkphclf druypcnjul vhqnddje q tygnsrxajj jnewxgxnn bbr f frp nkq fwl wctgtwmx mkblj vrf ynk keww quee pkxl wapdtu fbfjk gefonex gjlapop vcnvbm mba wdvj nvqq fg qx dr jcxj uzh ylqvjzharv rkee fuzmx rnxcxm rglua gcomikjz cvkelhhzjc ktheyen zbexrampe voaxdpcwmj mw i upycfg pgtqv pitcvogr refxsn cxohqanx xgrujig gdir lu rmgzebhnlm mmsbaopmdg
shuffle has been performed
swap has been performed
swap has been performed
swap has been performed
swap has been performed
56
j 44
shuffle has been performed
shuffle has been performed
swap has been performed
shuffle has been performed
shuffle has been performed
swap has been performed
swap has been performed
shuffle has been performed
fwl mppnlgjz gefonex jcxj cvkelhhzjc wctgtwmx voaxdpcwmj xlcxdznc bmskskf wdvj pitcvogr pmhwdvths afqz uzh pgtqv pb w uuz uxhxdipfz ckjcaz fhi qx dr bpdip ly fuzmx druypcnjul o nkq mw i ebnvfgv ylqvjzharv t vuygpnkaz nvqq vhqnddje rmgzebhnlm pd fbfjk atzzwpw gcomikjz kmvrzgf y vcnvbm rglua j qcj bbr mrobde pkxl swybg cxohqanx sidzgwr jnewxgxnn afames quee vbwjckdmeo refxsn veix dvhrrd vhgvw vrf rcnjkphclf lu icet ycq uqunubl rkee zbexrampe hbgsdvivhe nckl dg rnxcxm ktheyen dwsszno qidrvmhl jjrqopubj kleewhxt frp mba gjlapop v wjwn f ucft wapdtu ynk xgrujig gdir tygnsrxajj wpqhs keww rqscczy upycfg fcriqifp q fg mkblj mmsbaopmdg
shuffle has been performed
swap has been performed
shuffle has been performed
swap has been performed
swap has been performed
swap has been performed
swap has been performed
51
afqz v vrf t uzh wjwn rcnjkphclf vuygpnkaz ynk uqunubl pd tygnsrxajj xgrujig gcomikjz fbfjk wpqhs gdir kmvrzgf atzzwpw keww uxhxdipfz y rkee cxohqanx fg fcriqifp rmgzebhnlm uuz pgtqv f lu nvqq pb ucft icet vhqnddje w rqscczy ckjcaz vcnvbm zbexrampe upycfg qcj rglua bpdip jcxj rnxcxm sidzgwr ly cvkelhhzjc ktheyen mba dvhrrd ebnvfgv pmhwdvths gjlapop vhgvw ylqvjzharv fwl hbgsdvivhe pkxl qx mppnlgjz nckl swybg dr gefonex dg wapdtu ycq refxsn mw wdvj frp veix i pitcvogr jnewxgxnn fuzmx wctgtwmx dwsszno afames druypcnjul voaxdpcwmj qidrvmhl quee o xlcxdznc jjrqopubj vbwjckdmeo nkq bmskskf kleewhxt bbr j mkblj q mrobde fhi mmsbaopmdg
zbexrampe 44
swap has been performed
swap has been performed
shuffle has been performed
51
afqz fwl v hbgsdvivhe vrf pkxl t qx uzh mppnlgjz wjwn nckl rcnjkphclf swybg vuygpnkaz dr ynk gefonex uqunubl bpdip pd jcxj tygnsrxajj pmhwdvths xgrujig vcnvbm gcomikjz zbexrampe fbfjk upycfg wpqhs qcj gdir rglua kmvrzgf dg atzzwpw wapdtu keww ycq uxhxdipfz refxsn y mw rkee wdvj cxohqanx frp fg veix fcriqifp i rmgzebhnlm pitcvogr uuz jnewxgxnn pgtqv fuzmx f wctgtwmx lu dwsszno nvqq afames pb druypcnjul ucft voaxdpcwmj icet qidrvmhl vhqnddje quee rnxcxm o sidzgwr xlcxdznc ly jjrqopubj cvkelhhzjc vbwjckdmeo ktheyen nkq mba bmskskf dvhrrd kleewhxt ebnvfgv bbr w j rqscczy mkblj ckjcaz q gjlapop mrobde vhgvw fhi ylqvjzharv mmsbaopmdg
afqz fwl v hbgsdvivhe vrf pkxl t qx uzh mppnlgjz wjwn nckl rcnjkphclf swybg vuygpnkaz dr ynk gefonex uqunubl bpdip pd jcxj tygnsrxajj pmhwdvths xgrujig vcnvbm gcomikjz zbexrampe fbfjk upycfg wpqhs qcj gdir rglua kmvrzgf dg atzzwpw wapdtu keww ycq uxhxdipfz refxsn y mw rkee wdvj cxohqanx frp fg veix fcriqifp i rmgzebhnlm pitcvogr uuz jnewxgxnn pgtqv fuzmx f wctgtwmx lu dwsszno nvqq afames pb druypcnjul ucft voaxdpcwmj icet qidrvmhl vhqnddje quee rnxcxm o sidzgwr xlcxdznc ly jjrqopubj cvkelhhzjc vbwjckdmeo ktheyen nkq mba bmskskf dvhrrd kleewhxt ebnvfgv bbr w j rqscczy mkblj ckjcaz q gjlapop mrobde vhgvw fhi ylqvjzharv mmsbaopmdg
shuffle has been performed
swap has been performed
vcnvbm 17
swap has been performed
shuffle has been performed
91
shuffle has been performed
swap has been performed
afqz ylqvjzharv xlcxdznc keww fcriqifp rmgzebhnlm gcomikjz w fwl hbgsdvivhe ly ycq i pitcvogr zbexrampe j v vrf jjrqopubj uxhxdipfz afames uuz fbfjk kleewhxt pmhwdvths vhgvw nvqq atzzwpw o frp swybg ebnvfgv xgrujig fhi qidrvmhl lu kmvrzgf quee pd nckl dvhrrd tygnsrxajj vhqnddje dwsszno dg rnxcxm cxohqanx rcnjkphclf rqscczy vuygpnkaz pkxl cvkelhhzjc refxsn pb jnewxgxnn upycfg mkblj dr t vbwjckdmeo y druypcnjul pgtqv wpqhs ckjcaz ynk qx ktheyen mw ucft fuzmx qcj q gefonex uzh nkq rkee voaxdpcwmj f gdir gjlapop uqunubl mppnlgjz mba wdvj icet wctgtwmx rglua mrobde bpdip wjwn bmskskf jcxj veix wapdtu sidzgwr fg vcnvbm bbr mmsbaopmdg
shuffle has been performed
swap has been performed
afqz pkxl ylqvjzharv cvkelhhzjc xlcxdznc refxsn keww pb uqunubl xgrujig mppnlgjz fhi mba qidrvmhl fcriqifp jnewxgxnn rmgzebhnlm upycfg gcomikjz mkblj w dr fwl t hbgsdvivhe vbwjckdmeo ly y ycq druypcnjul i pgtqv pitcvogr wpqhs zbexrampe ckjcaz j ynk v qx vrf ktheyen jjrqopubj mw uxhxdipfz ucft afames fuzmx uuz qcj fbfjk q kleewhxt gefonex pmhwdvths uzh vhgvw nkq nvqq rkee atzzwpw voaxdpcwmj o f frp gdir swybg gjlapop ebnvfgv wdvj lu icet kmvrzgf wctgtwmx quee rglua pd mrobde nckl bpdip dvhrrd wjwn tygnsrxajj bmskskf vhqnddje jcxj dwsszno veix dg wapdtu rnxcxm sidzgwr cxohqanx fg rcnjkphclf vcnvbm rqscczy bbr vuygpnkaz mmsbaopmdg
atzzwpw 54
swap has been performed
afqz pkxl ylqvjzharv wctgtwmx quee rglua pd mppnlgjz fhi mba qidrvmhl fcriqifp jnewxgxnn rmgzebhnlm upycfg gcomikjz mkblj w dr fwl t hbgsdvivhe vbwjckdmeo ly y ycq druypcnjul i pgtqv pitcvogr wpqhs zbexrampe ckjcaz j ynk v qx vrf ktheyen jjrqopubj mw uxhxdipfz ucft afames fuzmx uuz qcj fbfjk q kleewhxt gefonex pmhwdvths uzh vhgvw nkq nvqq rkee atzzwpw voaxdpcwmj o f frp gdir swybg gjlapop ebnvfgv wdvj lu icet kmvrzgf cvkelhhzjc xlcxdznc refxsn keww pb uqunubl xgrujig mrobde nckl bpdip dvhrrd wjwn tygnsrxajj bmskskf vhqnddje jcxj dwsszno veix dg wapdtu rnxcxm sidzgwr cxohqanx fg rcnjkphclf vcnvbm rqscczy bbr vuygpnkaz mmsbaopmdg
keww 29
swap has been performed
shuffle has been performed
zbexrampe 44
shuffle has been performed
swap has been performed
mrobde 31
swap has been performed
shuffle has been performed
29
shuffle has been performed
vhgvw 82
shuffle has been performed
38
shuffle has been performed
afqz dr refxsn jjrqopubj nkq dg pitcvogr jnewxgxnn kmvrzgf qx rkee jcxj druypcnjul upycfg wdvj kleewhxt pmhwdvths ynk mppnlgjz gjlapop y qcj vbwjckdmeo vcnvbm quee frp ly afames fwl wpqhs pkxl pb xgrujig uqunubl rnxcxm vuygpnkaz w xlcxdznc ktheyen vhgvw veix pgtqv mkblj icet v nvqq vhqnddje mba fcriqifp qidrvmhl q tygnsrxajj j pd swybg nckl uuz hbgsdvivhe ckjcaz wctgtwmx f dvhrrd ucft cxohqanx rcnjkphclf fg keww mw voaxdpcwmj wapdtu bbr rmgzebhnlm cvkelhhzjc vrf atzzwpw dwsszno i gcomikjz lu gefonex uzh bmskskf fhi ebnvfgv ycq fbfjk wjwn rqscczy rglua gdir mrobde fuzmx t zbexrampe ylqvjzharv o bpdip uxhxdipfz sidzgwr mmsbaopmdg
shuffle has been performed
shuffle has been performed
swap has been performed
shuffle has been performed
swap has been performed
bmskskf 77
gjlapop 9
swap has been performed
swap has been performed
swap has been performed
shuffle has been performed
swap has been performed
swap has been performed
uqunubl 57
swap has been performed
47
swap has been performed
swap has been performed
shuffle has been performed
47
gcomikjz swybg kmvrzgf mkblj nckl fbfjk mppnlgjz hbgsdvivhe fg gefonex uqunubl mw pkxl qcj rmgzebhnlm gdir veix dwsszno bbr upycfg pgtqv vhqnddje wdvj kleewhxt uuz dr xlcxdznc fcriqifp keww icet vhgvw jjrqopubj bmskskf ckjcaz ucft vrf jnewxgxnn voaxdpcwmj rglua fwl ynk ebnvfgv f sidzgwr dvhrrd zbexrampe frp pd cxohqanx qx o quee wjwn gjlapop nvqq lu vcnvbm rnxcxm afqz qidrvmhl druypcnjul v fuzmx nkq rcnjkphclf wctgtwmx q atzzwpw vbwjckdmeo wapdtu mrobde wpqhs i ktheyen pitcvogr mmsbaopmdg mba bpdip pmhwdvths ylqvjzharv refxsn tygnsrxajj pb uzh cvkelhhzjc rqscczy rkee jcxj afames fhi y dg uxhxdipfz t vuygpnkaz w j ly xgrujig ycq
swap has been performed
shuffle has been performed
swap has been performed
fcriqifp 34
73
gcomikjz dg swybg uxhxdipfz kmvrzgf t mkblj vuygpnkaz nckl w fbfjk j mppnlgjz ly hbgsdvivhe fwl fg ynk gefonex ebnvfgv uqunubl f mw sidzgwr pkxl dvhrrd qcj zbexrampe rmgzebhnlm frp gdir pd veix cxohqanx dwsszno qx bbr o upycfg quee pgtqv wjwn vhqnddje gjlapop wdvj nvqq kleewhxt lu uuz vcnvbm dr rnxcxm xlcxdznc afqz fcriqifp qidrvmhl wapdtu druypcnjul mrobde v wpqhs fuzmx i nkq ktheyen rcnjkphclf pitcvogr wctgtwmx mmsbaopmdg q ckjcaz cvkelhhzjc ucft rqscczy vrf rkee jnewxgxnn jcxj jjrqopubj pb bmskskf uzh mba atzzwpw bpdip vbwjckdmeo pmhwdvths keww ylqvjzharv icet refxsn vhgvw tygnsrxajj voaxdpcwmj afames rglua fhi xgrujig y ycq
swap has been performed
swap has been performed
2
73
wapdtu 51
gcomikjz dg swybg uxhxdipfz kmvrzgf t mkblj vuygpnkaz nckl w fbfjk j mppnlgjz ly hbgsdvivhe fwl fg ynk gefonex ebnvfgv uqunubl vbwjckdmeo pmhwdvths keww ylqvjzharv rnxcxm xlcxdznc afqz fcriqifp qidrvmhl wapdtu druypcnjul mrobde v rqscczy vrf rkee jnewxgxnn jcxj jjrqopubj pb bmskskf uzh mba atzzwpw bpdip f mw sidzgwr pkxl dvhrrd qcj zbexrampe rmgzebhnlm frp gdir pd veix cxohqanx dwsszno qx bbr o upycfg quee pgtqv wjwn vhqnddje gjlapop wdvj nvqq kleewhxt lu uuz vcnvbm dr icet refxsn wctgtwmx mmsbaopmdg q ckjcaz cvkelhhzjc ucft wpqhs fuzmx i nkq ktheyen rcnjkphclf pitcvogr vhgvw tygnsrxajj voaxdpcwmj afames rglua fhi xgrujig y ycq
gcomikjz dg swybg uxhxdipfz kmvrzgf t mkblj vuygpnkaz nckl w fbfjk j mppnlgjz ly hbgsdvivhe fwl fg ynk gefonex ebnvfgv uqunubl vbwjckdmeo pmhwdvths keww ylqvjzharv rnxcxm xlcxdznc afqz fcriqifp qidrvmhl wapdtu druypcnjul mrobde v rqscczy vrf rkee jnewxgxnn jcxj jjrqopubj pb bmskskf uzh mba atzzwpw bpdip f mw sidzgwr pkxl dvhrrd qcj zbexrampe rmgzebhnlm frp gdir pd veix cxohqanx dwsszno qx bbr o upycfg quee pgtqv wjwn vhqnddje gjlapop wdvj nvqq kleewhxt lu uuz vcnvbm dr icet refxsn wctgtwmx mmsbaopmdg q ckjcaz cvkelhhzjc ucft wpqhs fuzmx i nkq ktheyen rcnjkphclf pitcvogr vhgvw tygnsrxajj voaxdpcwmj afames rglua fhi xgrujig y ycq
swap has been performed
shuffle has been performed
swap has been performed
cxohqanx 58
shuffle has been performed
shuffle has been performed
swap has been performed
19
gcomikjz dr pmhwdvths mkblj rqscczy sidzgwr ktheyen pd dg icet keww vuygpnkaz vrf pkxl rcnjkphclf veix swybg refxsn ylqvjzharv nckl rkee dvhrrd uuz uqunubl kmvrzgf mrobde mppnlgjz afqz ebnvfgv ckjcaz o voaxdpcwmj wdvj frp ly fcriqifp uzh cvkelhhzjc upycfg afames nvqq jjrqopubj hbgsdvivhe qidrvmhl mba ucft quee rglua kleewhxt pb fwl wapdtu atzzwpw wpqhs pgtqv fhi lu bmskskf fg druypcnjul bpdip fuzmx wjwn xgrujig pitcvogr cxohqanx uxhxdipfz wctgtwmx rnxcxm w jnewxgxnn qcj vhgvw dwsszno ynk mmsbaopmdg xlcxdznc fbfjk vhqnddje zbexrampe tygnsrxajj qx gefonex q bbr j gjlapop rmgzebhnlm f i jcxj y vcnvbm vbwjckdmeo t v mw nkq gdir ycq
swap has been performed
swap has been performed
shuffle has been performed
31
swap has been performed
swap has been performed
shuffle has been performed
dwsszno 56
gdir 30
swap has been performed
swap has been performed
swap has been performed
swap has been performed
swap has been performed
afames 10
shuffle has been performed
shuffle has been performed
shuffle has been performed
swap has been performed
refxsn 63
37
swap has been performed
swap has been performed
swap has been performed
shuffle has been performed
shuffle has been performed
gcomikjz w lu nckl swybg bbr y upycfg atzzwpw rnxcxm mw qx zbexrampe druypcnjul rglua cxohqanx dvhrrd dwsszno wdvj pitcvogr pkxl vrf dr vhgvw quee uzh refxsn vcnvbm rqscczy qcj wpqhs fcriqifp pd nkq rcnjkphclf jnewxgxnn fhi mkblj uuz ycq vhqnddje o kmvrzgf voaxdpcwmj vuygpnkaz q uxhxdipfz bpdip ynk nvqq keww gefonex icet f ucft afames ckjcaz mba jcxj dg bmskskf ly fbfjk vbwjckdmeo pgtqv xlcxdznc hbgsdvivhe cvkelhhzjc veix mmsbaopmdg ebnvfgv sidzgwr tygnsrxajj afqz wapdtu ylqvjzharv mrobde fwl xgrujig frp wjwn uqunubl pb pmhwdvths gjlapop jjrqopubj v rmgzebhnlm rkee wctgtwmx qidrvmhl fg gdir t fuzmx ktheyen i kleewhxt j mppnlgjz
swap has been performed
gcomikjz w lu nckl swybg bbr y upycfg v veix mmsbaopmdg ebnvfgv sidzgwr tygnsrxajj afqz wapdtu ylqvjzharv mrobde fwl xgrujig frp wjwn uqunubl pb pmhwdvths gjlapop jjrqopubj atzzwpw rnxcxm mw qx zbexrampe druypcnjul rglua cxohqanx dvhrrd dwsszno wdvj pitcvogr pkxl vrf dr vhgvw quee uzh refxsn vcnvbm rqscczy qcj wpqhs fcriqifp pd nkq rcnjkphclf jnewxgxnn fhi mkblj uuz ycq vhqnddje o kmvrzgf voaxdpcwmj vuygpnkaz q uxhxdipfz bpdip ynk nvqq keww gefonex icet f ucft afames ckjcaz mba jcxj dg bmskskf ly fbfjk vbwjckdmeo pgtqv xlcxdznc hbgsdvivhe cvkelhhzjc rmgzebhnlm rkee wctgtwmx qidrvmhl fg gdir t fuzmx ktheyen i kleewhxt j mppnlgjz
35
swap has been performed
gcomikjz w lu nckl swybg bbr y upycfg v veix mmsbaopmdg ebnvfgv sidzgwr tygnsrxajj afqz wapdtu ylqvjzharv mrobde fwl xgrujig frp wjwn uqunubl pb pmhwdvths gjlapop jjrqopubj atzzwpw rnxcxm mw qx zbexrampe druypcnjul rglua cxohqanx vcnvbm rqscczy qcj wpqhs fcriqifp pd nkq rcnjkphclf jnewxgxnn fhi mkblj uuz ycq vhqnddje o kmvrzgf voaxdpcwmj vuygpnkaz q uxhxdipfz bpdip ynk nvqq keww gefonex icet f ucft afames ckjcaz mba jcxj dg bmskskf ly fbfjk vbwjckdmeo pgtqv xlcxdznc hbgsdvivhe cvkelhhzjc rmgzebhnlm rkee wctgtwmx qidrvmhl fg gdir t pitcvogr pkxl vrf dr vhgvw quee uzh refxsn dvhrrd dwsszno wdvj fuzmx ktheyen i kleewhxt j mppnlgjz
gcomikjz w lu nckl swybg bbr y upycfg v veix mmsbaopmdg ebnvfgv sidzgwr tygnsrxajj afqz wapdtu ylqvjzharv mrobde fwl xgrujig frp wjwn uqunubl pb pmhwdvths gjlapop jjrqopubj atzzwpw rnxcxm mw qx zbexrampe druypcnjul rglua cxohqanx vcnvbm rqscczy qcj wpqhs fcriqifp pd nkq rcnjkphclf jnewxgxnn fhi mkblj uuz ycq vhqnddje o kmvrzgf voaxdpcwmj vuygpnkaz q uxhxdipfz bpdip ynk nvqq keww gefonex icet f ucft afames ckjcaz mba jcxj dg bmskskf ly fbfjk vbwjckdmeo pgtqv xlcxdznc hbgsdvivhe cvkelhhzjc rmgzebhnlm rkee wctgtwmx qidrvmhl fg gdir t pitcvogr pkxl vrf dr vhgvw quee uzh refxsn dvhrrd dwsszno wdvj fuzmx ktheyen i kleewhxt j mppnlgjz
shuffle has been performed
swap has been performed
swap has been performed
qcj 44
68
swap has been performed
swap has been performed
gcomikjz kmvrzgf atzzwpw rkee rnxcxm wctgtwmx mw qidrvmhl qx fg zbexrampe gdir druypcnjul t rglua pitcvogr cxohqanx pkxl vcnvbm vrf rqscczy dr uxhxdipfz bbr bpdip y ynk upycfg nvqq v frp uqunubl pgtqv pb xlcxdznc pmhwdvths hbgsdvivhe gjlapop cvkelhhzjc jjrqopubj rmgzebhnlm w voaxdpcwmj lu vuygpnkaz ly keww veix gefonex mmsbaopmdg icet ebnvfgv f sidzgwr ucft tygnsrxajj afames afqz ckjcaz wapdtu mba ylqvjzharv jcxj mrobde jnewxgxnn wdvj fhi fuzmx mkblj ktheyen uuz i ycq kleewhxt dg fwl bmskskf xgrujig nckl q swybg qcj vhgvw wpqhs quee fcriqifp uzh pd refxsn nkq dvhrrd fbfjk wjwn vbwjckdmeo rcnjkphclf dwsszno vhqnddje j o mppnlgjz
shuffle has been performed
swap has been performed
shuffle has been performed
qidrvmhl 54
swap has been performed
uxhxdipfz 36
swap has been performed
81
vuygpnkaz qidrvmhl bpdip rglua wpqhs jnewxgxnn xlcxdznc pitcvogr quee wdvj pmhwdvths cxohqanx fcriqifp fhi hbgsdvivhe pkxl uzh fuzmx gjlapop vcnvbm pd mkblj cvkelhhzjc vrf refxsn ktheyen gefonex gdir o ylqvjzharv uqunubl druypcnjul qcj jcxj pgtqv t vhgvw mrobde pb vbwjckdmeo dg gcomikjz y icet fwl kmvrzgf ynk w uxhxdipfz fbfjk ycq voaxdpcwmj bbr wjwn kleewhxt lu rcnjkphclf afqz ly qx dwsszno ckjcaz keww fg vhqnddje wapdtu veix zbexrampe j mba jjrqopubj rqscczy nkq uuz rmgzebhnlm dr dvhrrd i ebnvfgv bmskskf atzzwpw upycfg f xgrujig rkee nvqq sidzgwr nckl rnxcxm v ucft q wctgtwmx frp tygnsrxajj swybg mw mmsbaopmdg afames mppnlgjz
shuffle has been performed
swap has been performed
hbgsdvivhe 69
78
swap has been performed
j 44
swap has been performed
swap has been performed
shuffle has been performed
shuffle has been performed
swap has been performed
hbgsdvivhe 69
swap has been performed
wjwn 28
swap has been performed
swap has been performed
swap has been performed
swap has been performed
shuffle has been performed
swap has been performed
swap has been performed
t bpdip pgtqv refxsn fcriqifp gefonex ucft mppnlgjz pitcvogr bbr nvqq rmgzebhnlm atzzwpw ckjcaz qcj frp wctgtwmx pmhwdvths wdvj keww nckl j f rglua icet cxohqanx qx v pb jnewxgxnn sidzgwr cvkelhhzjc upycfg ylqvjzharv afqz fuzmx vhgvw mw druypcnjul nkq q bmskskf veix quee ynk swybg kmvrzgf fhi dvhrrd vcnvbm vhqnddje mmsbaopmdg w ycq vuygpnkaz fg wpqhs mba mkblj uxhxdipfz o qidrvmhl uzh hbgsdvivhe kleewhxt pd rqscczy afames ebnvfgv voaxdpcwmj uuz zbexrampe jjrqopubj tygnsrxajj xgrujig ktheyen fwl gdir dwsszno ly vbwjckdmeo mrobde jcxj gcomikjz dg y lu pkxl uqunubl wjwn gjlapop dr xlcxdznc i rkee wapdtu rnxcxm rcnjkphclf fbfjk vrf
shuffle has been performed
t vhqnddje bpdip mmsbaopmdg pgtqv w refxsn ycq fcriqifp vuygpnkaz gefonex fg ucft wpqhs mppnlgjz mba pitcvogr mkblj bbr uxhxdipfz nvqq o rmgzebhnlm qidrvmhl atzzwpw uzh ckjcaz hbgsdvivhe qcj kleewhxt frp pd wctgtwmx rqscczy pmhwdvths afames wdvj ebnvfgv keww voaxdpcwmj nckl uuz j zbexrampe f jjrqopubj rglua tygnsrxajj icet xgrujig cxohqanx ktheyen qx fwl v gdir pb dwsszno jnewxgxnn ly sidzgwr vbwjckdmeo cvkelhhzjc mrobde upycfg jcxj ylqvjzharv gcomikjz afqz dg fuzmx y vhgvw lu mw pkxl druypcnjul uqunubl nkq wjwn q gjlapop bmskskf dr veix xlcxdznc quee i ynk rkee swybg wapdtu kmvrzgf rnxcxm fhi rcnjkphclf dvhrrd fbfjk vcnvbm vrf
t vhqnddje bpdip mmsbaopmdg pgtqv w refxsn ycq fcriqifp vuygpnkaz gefonex fg ucft wpqhs mppnlgjz mba pitcvogr mkblj bbr uxhxdipfz nvqq o rmgzebhnlm qidrvmhl atzzwpw uzh ckjcaz hbgsdvivhe qcj kleewhxt frp pd wctgtwmx rqscczy pmhwdvths afames wdvj ebnvfgv keww voaxdpcwmj nckl uuz j zbexrampe f jjrqopubj rglua tygnsrxajj icet xgrujig cxohqanx ktheyen qx fwl v gdir pb dwsszno jnewxgxnn ly sidzgwr vbwjckdmeo cvkelhhzjc mrobde upycfg jcxj ylqvjzharv gcomikjz afqz dg fuzmx y vhgvw lu mw pkxl druypcnjul uqunubl nkq wjwn q gjlapop bmskskf dr veix xlcxdznc quee i ynk rkee swybg wapdtu kmvrzgf rnxcxm fhi rcnjkphclf dvhrrd fbfjk vcnvbm vrf
swap has been performed
40
shuffle has been performed
t icet vhqnddje xgrujig bpdip cxohqanx mmsbaopmdg ktheyen pgtqv qx w fwl refxsn v ycq gdir fcriqifp pb vuygpnkaz dwsszno gefonex jnewxgxnn fg ly ucft wpqhs sidzgwr mppnlgjz vbwjckdmeo mba cvkelhhzjc pitcvogr mrobde mkblj upycfg bbr jcxj afqz ylqvjzharv dg gcomikjz fuzmx uxhxdipfz y nvqq vhgvw o lu rmgzebhnlm mw qidrvmhl pkxl atzzwpw druypcnjul uzh uqunubl ckjcaz nkq hbgsdvivhe wjwn qcj q kleewhxt gjlapop frp bmskskf pd dr wctgtwmx veix rqscczy xlcxdznc pmhwdvths quee afames i wdvj ynk ebnvfgv rkee keww swybg voaxdpcwmj wapdtu nckl kmvrzgf uuz rnxcxm j fhi zbexrampe rcnjkphclf f dvhrrd jjrqopubj fbfjk rglua vcnvbm tygnsrxajj vrf
shuffle has been performed
swap has been performed
swap has been performed
vrf 4
swap has been performed
swap has been performed
swap has been performed
o 5
shuffle has been performed
swap has been performed
swap has been performed
swap has been performed
wpqhs 6
swap has been performed
shuffle has been performed
shuffle has been performed
swap has been performed
t rglua ycq lu dwsszno vhqnddje mppnlgjz mrobde qidrvmhl hbgsdvivhe dvhrrd vcnvbm veix atzzwpw bpdip xlcxdznc icet qx nvqq rmgzebhnlm gefonex rnxcxm uzh fg pkxl wpqhs jjrqopubj jnewxgxnn rqscczy ylqvjzharv cxohqanx pmhwdvths afqz i vhgvw voaxdpcwmj afames j uqunubl ly xgrujig sidzgwr fbfjk mkblj wjwn dg mmsbaopmdg quee dr kmvrzgf fcriqifp q kleewhxt ktheyen mba f fhi jcxj fuzmx druypcnjul nckl ucft qcj frp keww vbwjckdmeo rcnjkphclf ynk bbr bmskskf fwl gdir pitcvogr ebnvfgv uxhxdipfz wdvj tygnsrxajj o wapdtu w rkee ckjcaz pb pd refxsn v nkq vuygpnkaz y gcomikjz uuz mw upycfg gjlapop pgtqv wctgtwmx cvkelhhzjc zbexrampe swybg vrf
swap has been performed
t rglua ycq lu dwsszno rcnjkphclf ynk quee dr kmvrzgf fcriqifp q kleewhxt ktheyen mba f fhi jcxj fuzmx druypcnjul nckl ucft qcj frp keww vbwjckdmeo vhqnddje mppnlgjz mrobde qidrvmhl hbgsdvivhe dvhrrd vcnvbm veix atzzwpw bpdip xlcxdznc icet qx nvqq rmgzebhnlm gefonex rnxcxm uzh fg pkxl wpqhs jjrqopubj jnewxgxnn rqscczy ylqvjzharv cxohqanx pmhwdvths afqz i vhgvw voaxdpcwmj afames j uqunubl ly xgrujig sidzgwr fbfjk mkblj wjwn dg mmsbaopmdg bbr bmskskf fwl gdir pitcvogr ebnvfgv uxhxdipfz wdvj tygnsrxajj o wapdtu w rkee ckjcaz pb pd refxsn v nkq vuygpnkaz y gcomikjz uuz mw upycfg gjlapop pgtqv wctgtwmx cvkelhhzjc zbexrampe swybg vrf
swap has been performed
swap has been performed
shuffle has been performed
swap has been performed
shuffle has been performed
t icet keww qidrvmhl veix qx vbwjckdmeo hbgsdvivhe atzzwpw nvqq vhqnddje dvhrrd bpdip rmgzebhnlm mppnlgjz vcnvbm xlcxdznc gefonex mrobde rglua fuzmx rnxcxm pgtqv ycq druypcnjul uzh wctgtwmx lu j fg wapdtu dwsszno uqunubl pkxl w rcnjkphclf ly wpqhs rkee ynk xgrujig jjrqopubj ckjcaz quee sidzgwr jnewxgxnn pb uuz fbfjk rqscczy pd bmskskf mkblj ylqvjzharv refxsn fwl wjwn cxohqanx v gdir dg pmhwdvths nkq pitcvogr mmsbaopmdg afqz vuygpnkaz ebnvfgv bbr i y uxhxdipfz mw vhgvw gcomikjz wdvj upycfg voaxdpcwmj dr tygnsrxajj gjlapop afames kmvrzgf o mba nckl fcriqifp cvkelhhzjc f ucft q zbexrampe fhi qcj kleewhxt swybg jcxj frp ktheyen vrf
swap has been performed
swap has been performed
swap has been performed
shuffle has been performed
shuffle has been performed
shuffle has been performed
23
swap has been performed
swap has been performed
shuffle has been performed
t 45
shuffle has been performed
swap has been performed
wdvj fuzmx ly jnewxgxnn pgtqv voaxdpcwmj wjwn nkq tygnsrxajj nckl vhgvw swybg cvkelhhzjc keww vcnvbm mrobde veix j sidzgwr ckjcaz ylqvjzharv ucft pb gdir y vbwjckdmeo pitcvogr fhi bpdip uqunubl jcxj druypcnjul jjrqopubj mkblj rglua rcnjkphclf v i upycfg fwl zbexrampe dvhrrd mba mw kleewhxt xgrujig icet mppnlgjz wctgtwmx cxohqanx lu quee atzzwpw qx ebnvfgv ktheyen w dwsszno ynk rnxcxm refxsn bmskskf ycq dr uxhxdipfz bbr rkee fcriqifp rmgzebhnlm vhqnddje o qidrvmhl rqscczy nvqq t fg pkxl afames gefonex gjlapop wapdtu fbfjk pmhwdvths f pd afqz wpqhs q uuz dg kmvrzgf hbgsdvivhe mmsbaopmdg qcj gcomikjz vuygpnkaz frp uzh xlcxdznc vrf
shuffle has been performed
swap has been performed
shuffle has been performed
shuffle has been performed
swap has been performed
swap has been performed
vbwjckdmeo 75
49
swap has been performed
swap has been performed
fwl 46
shuffle has been performed
upycfg mrobde uxhxdipfz afames fhi atzzwpw ly fwl pitcvogr bbr mw bpdip vhqnddje jnewxgxnn jjrqopubj dg nkq veix qcj gefonex ylqvjzharv qx pmhwdvths qidrvmhl druypcnjul vhgvw wjwn nckl mmsbaopmdg vuygpnkaz ckjcaz pb fbfjk refxsn w q fuzmx vcnvbm f pkxl icet quee rqscczy wdvj swybg wpqhs rglua keww frp fg gdir lu bmskskf i pd dr mppnlgjz uuz nvqq jcxj dwsszno voaxdpcwmj kleewhxt hbgsdvivhe o sidzgwr mkblj wapdtu tygnsrxajj ktheyen gcomikjz mba ucft rmgzebhnlm rnxcxm cvkelhhzjc ynk rcnjkphclf xgrujig uzh zbexrampe y rkee xlcxdznc uqunubl afqz pgtqv wctgtwmx kmvrzgf t j cxohqanx gjlapop v ebnvfgv ycq dvhrrd vbwjckdmeo fcriqifp vrf
shuffle has been performed
upycfg gdir mrobde lu uxhxdipfz bmskskf afames i fhi pd atzzwpw dr ly mppnlgjz fwl uuz pitcvogr nvqq bbr jcxj mw dwsszno bpdip voaxdpcwmj vhqnddje kleewhxt jnewxgxnn hbgsdvivhe jjrqopubj o dg sidzgwr nkq mkblj veix wapdtu qcj tygnsrxajj gefonex ktheyen ylqvjzharv gcomikjz qx mba pmhwdvths ucft qidrvmhl rmgzebhnlm druypcnjul rnxcxm vhgvw cvkelhhzjc wjwn ynk nckl rcnjkphclf mmsbaopmdg xgrujig vuygpnkaz uzh ckjcaz zbexrampe pb y fbfjk rkee refxsn xlcxdznc w uqunubl q afqz fuzmx pgtqv vcnvbm wctgtwmx f kmvrzgf pkxl t icet j quee cxohqanx rqscczy gjlapop wdvj v swybg ebnvfgv wpqhs ycq rglua dvhrrd keww vbwjckdmeo frp fcriqifp fg vrf
