shuffle has been performed
swap has been performed
ocf nxzt suyibyeb f wsiqyoygy sxdixtigsi ymzevypzvj ehkch geb dflilrjq
swap has been performed
shuffle has been performed
swap has been performed
suyibyeb geb nxzt sxdixtigsi ehkch f ocf wsiqyoygy ymzevypzvj dflilrjq
suyibyeb geb nxzt sxdixtigsi ehkch f ocf wsiqyoygy ymzevypzvj dflilrjq
5
shuffle has been performed
suyibyeb 19
swap has been performed
swap has been performed
swap has been performed
ehkch 87
shuffle has been performed
swap has been performed
shuffle has been performed
wsiqyoygy ehkch sxdixtigsi geb ymzevypzvj suyibyeb f nxzt dflilrjq ocf
wsiqyoygy ehkch sxdixtigsi geb ymzevypzvj suyibyeb f nxzt dflilrjq ocf
swap has been performed
ehkch 87
swap has been performed
shuffle has been performed
wsiqyoygy ehkch nxzt sxdixtigsi dflilrjq ocf geb suyibyeb ymzevypzvj f
6
shuffle has been performed
wsiqyoygy ocf ehkch geb nxzt suyibyeb sxdixtigsi ymzevypzvj dflilrjq f
shuffle has been performed
f 46
swap has been performed
ymzevypzvj 86
2
8
geb 73
geb 73
wsiqyoygy suyibyeb ymzevypzvj geb dflilrjq nxzt ehkch ocf sxdixtigsi f
swap has been performed
swap has been performed
shuffle has been performed
sxdixtigsi 83
swap has been performed
geb ocf ehkch sxdixtigsi nxzt suyibyeb dflilrjq ymzevypzvj wsiqyoygy f
7
9
wsiqyoygy 13
swap has been performed
swap has been performed
shuffle has been performed
shuffle has been performed
1
shuffle has been performed
suyibyeb ocf f wsiqyoygy ymzevypzvj sxdixtigsi ehkch nxzt dflilrjq geb
6
shuffle has been performed
suyibyeb sxdixtigsi ocf ehkch f nxzt wsiqyoygy dflilrjq ymzevypzvj geb
1
suyibyeb sxdixtigsi ocf ehkch f nxzt wsiqyoygy dflilrjq ymzevypzvj geb
swap has been performed
swap has been performed
ocf 16
wsiqyoygy 13
shuffle has been performed
shuffle has been performed
swap has been performed
swap has been performed
ehkch 87
shuffle has been performed
f 46
4
shuffle has been performed
swap has been performed
swap has been performed
dflilrjq 53
shuffle has been performed
swap has been performed
swap has been performed
10
shuffle has been performed
swap has been performed
6
shuffle has been performed
sxdixtigsi geb suyibyeb ocf ehkch dflilrjq ymzevypzvj wsiqyoygy f nxzt
swap has been performed
shuffle has been performed
geb 73
ymzevypzvj suyibyeb wsiqyoygy ocf dflilrjq ehkch sxdixtigsi f geb nxzt
swap has been performed
10
swap has been performed
shuffle has been performed
swap has been performed
swap has been performed
shuffle has been performed
dflilrjq nxzt ocf suyibyeb geb ehkch wsiqyoygy f sxdixtigsi ymzevypzvj
shuffle has been performed
dflilrjq ehkch nxzt wsiqyoygy ocf f suyibyeb sxdixtigsi geb ymzevypzvj
shuffle has been performed
swap has been performed
sxdixtigsi wsiqyoygy geb ocf ymzevypzvj ehkch suyibyeb nxzt dflilrjq f
