swap has been performed
swap has been performed
swap has been performed
swap has been performed
swap has been performed
swap has been performed
swap has been performed
one ten three five four two seven six nine eight
swap has been performed
one seven six nine eight five four two ten three
one seven six nine eight five four two ten three
swap has been performed
swap has been performed
swap has been performed
swap has been performed
five two six one seven nine ten four eight three
swap has been performed
swap has been performed
swap has been performed
swap has been performed
swap has been performed
seven five two nine ten four three one eight six
swap has been performed
swap has been performed
swap has been performed
nine four eight seven five three ten one two six
swap has been performed
swap has been performed
swap has been performed
swap has been performed
ten four one five two three nine seven six eight
swap has been performed
swap has been performed
swap has been performed
swap has been performed
swap has been performed
swap has been performed
swap has been performed
nine four seven one five eight ten two three six
swap has been performed
swap has been performed
swap has been performed
swap has been performed
swap has been performed
swap has been performed
swap has been performed
eight six two four three ten five nine seven one
swap has been performed
swap has been performed
swap has been performed
swap has been performed
swap has been performed
swap has been performed
swap has been performed
swap has been performed
swap has been performed
two four eight one three nine six seven five ten
swap has been performed
six seven five ten one three nine two four eight
swap has been performed
six ten one three nine two four five seven eight
swap has been performed
six eight five seven ten one three nine two four
six eight five seven ten one three nine two four
swap has been performed
swap has been performed
eight nine two six three five seven ten one four
eight nine two six three five seven ten one four
eight nine two six three five seven ten one four
swap has been performed
swap has been performed
eight nine five seven six three one four ten two
swap has been performed
one four seven six three eight nine five ten two
swap has been performed
swap has been performed
swap has been performed
swap has been performed
three two six one eight nine five ten four seven
swap has been performed
swap has been performed
ten four three two six seven eight nine five one
ten four three two six seven eight nine five one
swap has been performed
ten four three one nine five two six seven eight
swap has been performed
swap has been performed
swap has been performed
swap has been performed
swap has been performed
nine six three ten one two eight four seven five
swap has been performed
swap has been performed
ten five three one two eight four seven nine six
ten five three one two eight four seven nine six
swap has been performed
swap has been performed
ten five four three one two nine six eight seven
swap has been performed
swap has been performed
